{
  "stats": {
    "suites": 106,
    "tests": 505,
    "passes": 505,
    "pending": 0,
    "failures": 0,
    "start": "2021-08-05T09:51:51.243Z",
    "end": "2021-08-05T09:51:51.623Z",
    "duration": 380,
    "testsRegistered": 505,
    "passPercent": 100,
    "pendingPercent": 0,
    "other": 0,
    "hasOther": false,
    "skipped": 0,
    "hasSkipped": false
  },
  "results": [
    {
      "uuid": "a13dbd89-12c8-4f0d-9965-4a23dc3482fe",
      "title": "",
      "fullFile": "",
      "file": "",
      "beforeHooks": [],
      "afterHooks": [],
      "tests": [],
      "suites": [
        {
          "uuid": "f5881564-f872-4ce4-b63a-b17f93385900",
          "title": "Quantity Calculator",
          "fullFile": "C:\\uom_editor\\uom\\cpi-side\\quanitity-calculator.spec.ts",
          "file": "\\quanitity-calculator.spec.ts",
          "beforeHooks": [],
          "afterHooks": [],
          "tests": [],
          "suites": [
            {
              "uuid": "19ac34e5-43a7-468b-b361-a636020ca4bf",
              "title": "Test 1: Inv= fix, Case = fix, Min = fix",
              "fullFile": "C:\\uom_editor\\uom\\cpi-side\\quanitity-calculator.spec.ts",
              "file": "\\quanitity-calculator.spec.ts",
              "beforeHooks": [],
              "afterHooks": [],
              "tests": [],
              "suites": [
                {
                  "uuid": "e29a7d04-d2ce-4f6b-bf9d-790cb3d64051",
                  "title": "CASE 1: default inc,dec,set with inv = 10 case,factor = 1, min = 0",
                  "fullFile": "C:\\uom_editor\\uom\\cpi-side\\quanitity-calculator.spec.ts",
                  "file": "\\quanitity-calculator.spec.ts",
                  "beforeHooks": [],
                  "afterHooks": [],
                  "tests": [],
                  "suites": [
                    {
                      "uuid": "c65eb0c4-c39c-4d1d-8ae5-205042a03b8c",
                      "title": "1: inc tests:",
                      "fullFile": "C:\\uom_editor\\uom\\cpi-side\\quanitity-calculator.spec.ts",
                      "file": "\\quanitity-calculator.spec.ts",
                      "beforeHooks": [],
                      "afterHooks": [],
                      "tests": [
                        {
                          "title": "1: inc should go up from 0 to 1",
                          "fullTitle": "Quantity Calculator Test 1: Inv= fix, Case = fix, Min = fix CASE 1: default inc,dec,set with inv = 10 case,factor = 1, min = 0 1: inc tests: 1: inc should go up from 0 to 1",
                          "timedOut": false,
                          "duration": 2,
                          "state": "passed",
                          "speed": "fast",
                          "pass": true,
                          "fail": false,
                          "pending": false,
                          "context": null,
                          "code": "chai_1.expect(calc.getIncrementValue()).that.is.eql({ 'curr': result, 'total': result * calc.getFactor() });",
                          "err": {},
                          "uuid": "2079dd15-04ab-4a73-bb83-fab386e12818",
                          "parentUUID": "c65eb0c4-c39c-4d1d-8ae5-205042a03b8c",
                          "isHook": false,
                          "skipped": false
                        },
                        {
                          "title": "2: inc should go up from 1 to 2",
                          "fullTitle": "Quantity Calculator Test 1: Inv= fix, Case = fix, Min = fix CASE 1: default inc,dec,set with inv = 10 case,factor = 1, min = 0 1: inc tests: 2: inc should go up from 1 to 2",
                          "timedOut": false,
                          "duration": 0,
                          "state": "passed",
                          "speed": "fast",
                          "pass": true,
                          "fail": false,
                          "pending": false,
                          "context": null,
                          "code": "chai_1.expect(calc.getIncrementValue()).that.is.eql({ 'curr': result, 'total': result * calc.getFactor() });",
                          "err": {},
                          "uuid": "05387498-634b-46e2-b47d-9a5722a02dd3",
                          "parentUUID": "c65eb0c4-c39c-4d1d-8ae5-205042a03b8c",
                          "isHook": false,
                          "skipped": false
                        },
                        {
                          "title": "3: inc should go up from 2 to 3",
                          "fullTitle": "Quantity Calculator Test 1: Inv= fix, Case = fix, Min = fix CASE 1: default inc,dec,set with inv = 10 case,factor = 1, min = 0 1: inc tests: 3: inc should go up from 2 to 3",
                          "timedOut": false,
                          "duration": 0,
                          "state": "passed",
                          "speed": "fast",
                          "pass": true,
                          "fail": false,
                          "pending": false,
                          "context": null,
                          "code": "chai_1.expect(calc.getIncrementValue()).that.is.eql({ 'curr': result, 'total': result * calc.getFactor() });",
                          "err": {},
                          "uuid": "1df2a1e7-93f8-43e3-8642-c65f39307791",
                          "parentUUID": "c65eb0c4-c39c-4d1d-8ae5-205042a03b8c",
                          "isHook": false,
                          "skipped": false
                        },
                        {
                          "title": "4: inc should go up from 3 to 4",
                          "fullTitle": "Quantity Calculator Test 1: Inv= fix, Case = fix, Min = fix CASE 1: default inc,dec,set with inv = 10 case,factor = 1, min = 0 1: inc tests: 4: inc should go up from 3 to 4",
                          "timedOut": false,
                          "duration": 1,
                          "state": "passed",
                          "speed": "fast",
                          "pass": true,
                          "fail": false,
                          "pending": false,
                          "context": null,
                          "code": "chai_1.expect(calc.getIncrementValue()).that.is.eql({ 'curr': result, 'total': result * calc.getFactor() });",
                          "err": {},
                          "uuid": "07795db6-2ecf-41b3-b9fc-168b734920ec",
                          "parentUUID": "c65eb0c4-c39c-4d1d-8ae5-205042a03b8c",
                          "isHook": false,
                          "skipped": false
                        },
                        {
                          "title": "5: inc should go up from 4 to 5",
                          "fullTitle": "Quantity Calculator Test 1: Inv= fix, Case = fix, Min = fix CASE 1: default inc,dec,set with inv = 10 case,factor = 1, min = 0 1: inc tests: 5: inc should go up from 4 to 5",
                          "timedOut": false,
                          "duration": 0,
                          "state": "passed",
                          "speed": "fast",
                          "pass": true,
                          "fail": false,
                          "pending": false,
                          "context": null,
                          "code": "chai_1.expect(calc.getIncrementValue()).that.is.eql({ 'curr': result, 'total': result * calc.getFactor() });",
                          "err": {},
                          "uuid": "ee9c8484-feaa-4fab-a14b-d93af2614053",
                          "parentUUID": "c65eb0c4-c39c-4d1d-8ae5-205042a03b8c",
                          "isHook": false,
                          "skipped": false
                        },
                        {
                          "title": "6: inc should go up from 5 to 6",
                          "fullTitle": "Quantity Calculator Test 1: Inv= fix, Case = fix, Min = fix CASE 1: default inc,dec,set with inv = 10 case,factor = 1, min = 0 1: inc tests: 6: inc should go up from 5 to 6",
                          "timedOut": false,
                          "duration": 0,
                          "state": "passed",
                          "speed": "fast",
                          "pass": true,
                          "fail": false,
                          "pending": false,
                          "context": null,
                          "code": "chai_1.expect(calc.getIncrementValue()).that.is.eql({ 'curr': result, 'total': result * calc.getFactor() });",
                          "err": {},
                          "uuid": "5e48cdd5-9e03-4ebd-9f11-5a90789dd7c5",
                          "parentUUID": "c65eb0c4-c39c-4d1d-8ae5-205042a03b8c",
                          "isHook": false,
                          "skipped": false
                        },
                        {
                          "title": "7: inc should go up from 6 to 7",
                          "fullTitle": "Quantity Calculator Test 1: Inv= fix, Case = fix, Min = fix CASE 1: default inc,dec,set with inv = 10 case,factor = 1, min = 0 1: inc tests: 7: inc should go up from 6 to 7",
                          "timedOut": false,
                          "duration": 0,
                          "state": "passed",
                          "speed": "fast",
                          "pass": true,
                          "fail": false,
                          "pending": false,
                          "context": null,
                          "code": "chai_1.expect(calc.getIncrementValue()).that.is.eql({ 'curr': result, 'total': result * calc.getFactor() });",
                          "err": {},
                          "uuid": "5a8ae053-07c8-4195-b135-b53c8c240c2e",
                          "parentUUID": "c65eb0c4-c39c-4d1d-8ae5-205042a03b8c",
                          "isHook": false,
                          "skipped": false
                        },
                        {
                          "title": "8: inc should go up from 7 to 8",
                          "fullTitle": "Quantity Calculator Test 1: Inv= fix, Case = fix, Min = fix CASE 1: default inc,dec,set with inv = 10 case,factor = 1, min = 0 1: inc tests: 8: inc should go up from 7 to 8",
                          "timedOut": false,
                          "duration": 0,
                          "state": "passed",
                          "speed": "fast",
                          "pass": true,
                          "fail": false,
                          "pending": false,
                          "context": null,
                          "code": "chai_1.expect(calc.getIncrementValue()).that.is.eql({ 'curr': result, 'total': result * calc.getFactor() });",
                          "err": {},
                          "uuid": "79192c4f-f9a2-4015-8404-6912d1c0163b",
                          "parentUUID": "c65eb0c4-c39c-4d1d-8ae5-205042a03b8c",
                          "isHook": false,
                          "skipped": false
                        },
                        {
                          "title": "9: inc should go up from 8 to 9",
                          "fullTitle": "Quantity Calculator Test 1: Inv= fix, Case = fix, Min = fix CASE 1: default inc,dec,set with inv = 10 case,factor = 1, min = 0 1: inc tests: 9: inc should go up from 8 to 9",
                          "timedOut": false,
                          "duration": 0,
                          "state": "passed",
                          "speed": "fast",
                          "pass": true,
                          "fail": false,
                          "pending": false,
                          "context": null,
                          "code": "chai_1.expect(calc.getIncrementValue()).that.is.eql({ 'curr': result, 'total': result * calc.getFactor() });",
                          "err": {},
                          "uuid": "835b5968-7ec3-42f5-9750-369ad4625c88",
                          "parentUUID": "c65eb0c4-c39c-4d1d-8ae5-205042a03b8c",
                          "isHook": false,
                          "skipped": false
                        },
                        {
                          "title": "10: inc should go up from 9 to 10",
                          "fullTitle": "Quantity Calculator Test 1: Inv= fix, Case = fix, Min = fix CASE 1: default inc,dec,set with inv = 10 case,factor = 1, min = 0 1: inc tests: 10: inc should go up from 9 to 10",
                          "timedOut": false,
                          "duration": 0,
                          "state": "passed",
                          "speed": "fast",
                          "pass": true,
                          "fail": false,
                          "pending": false,
                          "context": null,
                          "code": "chai_1.expect(calc.getIncrementValue()).that.is.eql({ 'curr': result, 'total': result * calc.getFactor() });",
                          "err": {},
                          "uuid": "527d1d9f-da29-4aca-b31b-0e230443db96",
                          "parentUUID": "c65eb0c4-c39c-4d1d-8ae5-205042a03b8c",
                          "isHook": false,
                          "skipped": false
                        },
                        {
                          "title": "11: inc should stay on 10",
                          "fullTitle": "Quantity Calculator Test 1: Inv= fix, Case = fix, Min = fix CASE 1: default inc,dec,set with inv = 10 case,factor = 1, min = 0 1: inc tests: 11: inc should stay on 10",
                          "timedOut": false,
                          "duration": 1,
                          "state": "passed",
                          "speed": "fast",
                          "pass": true,
                          "fail": false,
                          "pending": false,
                          "context": null,
                          "code": "chai_1.expect(calc.getIncrementValue()).that.is.eql({ 'curr': result, 'total': result * calc.getFactor() });",
                          "err": {},
                          "uuid": "541c3184-6e84-4faf-ac32-d0f1ecf33aec",
                          "parentUUID": "c65eb0c4-c39c-4d1d-8ae5-205042a03b8c",
                          "isHook": false,
                          "skipped": false
                        }
                      ],
                      "suites": [],
                      "passes": [
                        "2079dd15-04ab-4a73-bb83-fab386e12818",
                        "05387498-634b-46e2-b47d-9a5722a02dd3",
                        "1df2a1e7-93f8-43e3-8642-c65f39307791",
                        "07795db6-2ecf-41b3-b9fc-168b734920ec",
                        "ee9c8484-feaa-4fab-a14b-d93af2614053",
                        "5e48cdd5-9e03-4ebd-9f11-5a90789dd7c5",
                        "5a8ae053-07c8-4195-b135-b53c8c240c2e",
                        "79192c4f-f9a2-4015-8404-6912d1c0163b",
                        "835b5968-7ec3-42f5-9750-369ad4625c88",
                        "527d1d9f-da29-4aca-b31b-0e230443db96",
                        "541c3184-6e84-4faf-ac32-d0f1ecf33aec"
                      ],
                      "failures": [],
                      "pending": [],
                      "skipped": [],
                      "duration": 4,
                      "root": false,
                      "rootEmpty": false,
                      "_timeout": 2000
                    },
                    {
                      "uuid": "56b3ba2d-fb2e-4c6e-b526-b93c2e8ec1ad",
                      "title": "2: dec tests:",
                      "fullFile": "C:\\uom_editor\\uom\\cpi-side\\quanitity-calculator.spec.ts",
                      "file": "\\quanitity-calculator.spec.ts",
                      "beforeHooks": [],
                      "afterHooks": [],
                      "tests": [
                        {
                          "title": "1: dec should go down from 10 to 9",
                          "fullTitle": "Quantity Calculator Test 1: Inv= fix, Case = fix, Min = fix CASE 1: default inc,dec,set with inv = 10 case,factor = 1, min = 0 2: dec tests: 1: dec should go down from 10 to 9",
                          "timedOut": false,
                          "duration": 0,
                          "state": "passed",
                          "speed": "fast",
                          "pass": true,
                          "fail": false,
                          "pending": false,
                          "context": null,
                          "code": "chai_1.expect(calc.getDecrementValue()).is.eql({ 'curr': result, 'total': result * calc.getFactor() });",
                          "err": {},
                          "uuid": "140458da-9805-41d9-875a-e53b574ba9fb",
                          "parentUUID": "56b3ba2d-fb2e-4c6e-b526-b93c2e8ec1ad",
                          "isHook": false,
                          "skipped": false
                        },
                        {
                          "title": "2: dec should go down from 9 to 8",
                          "fullTitle": "Quantity Calculator Test 1: Inv= fix, Case = fix, Min = fix CASE 1: default inc,dec,set with inv = 10 case,factor = 1, min = 0 2: dec tests: 2: dec should go down from 9 to 8",
                          "timedOut": false,
                          "duration": 0,
                          "state": "passed",
                          "speed": "fast",
                          "pass": true,
                          "fail": false,
                          "pending": false,
                          "context": null,
                          "code": "chai_1.expect(calc.getDecrementValue()).is.eql({ 'curr': result, 'total': result * calc.getFactor() });",
                          "err": {},
                          "uuid": "869e2819-67e6-4423-9e3c-4467da792a29",
                          "parentUUID": "56b3ba2d-fb2e-4c6e-b526-b93c2e8ec1ad",
                          "isHook": false,
                          "skipped": false
                        },
                        {
                          "title": "3: dec should go down from 8 to 7",
                          "fullTitle": "Quantity Calculator Test 1: Inv= fix, Case = fix, Min = fix CASE 1: default inc,dec,set with inv = 10 case,factor = 1, min = 0 2: dec tests: 3: dec should go down from 8 to 7",
                          "timedOut": false,
                          "duration": 0,
                          "state": "passed",
                          "speed": "fast",
                          "pass": true,
                          "fail": false,
                          "pending": false,
                          "context": null,
                          "code": "chai_1.expect(calc.getDecrementValue()).is.eql({ 'curr': result, 'total': result * calc.getFactor() });",
                          "err": {},
                          "uuid": "8a7df38e-37d0-4094-a2f6-efe74d8da2a1",
                          "parentUUID": "56b3ba2d-fb2e-4c6e-b526-b93c2e8ec1ad",
                          "isHook": false,
                          "skipped": false
                        },
                        {
                          "title": "4: dec should go down from 7 to 6",
                          "fullTitle": "Quantity Calculator Test 1: Inv= fix, Case = fix, Min = fix CASE 1: default inc,dec,set with inv = 10 case,factor = 1, min = 0 2: dec tests: 4: dec should go down from 7 to 6",
                          "timedOut": false,
                          "duration": 0,
                          "state": "passed",
                          "speed": "fast",
                          "pass": true,
                          "fail": false,
                          "pending": false,
                          "context": null,
                          "code": "chai_1.expect(calc.getDecrementValue()).is.eql({ 'curr': result, 'total': result * calc.getFactor() });",
                          "err": {},
                          "uuid": "76d85565-f08a-45d7-bbb9-c4839217a928",
                          "parentUUID": "56b3ba2d-fb2e-4c6e-b526-b93c2e8ec1ad",
                          "isHook": false,
                          "skipped": false
                        },
                        {
                          "title": "5: dec should go down from 6 to 5",
                          "fullTitle": "Quantity Calculator Test 1: Inv= fix, Case = fix, Min = fix CASE 1: default inc,dec,set with inv = 10 case,factor = 1, min = 0 2: dec tests: 5: dec should go down from 6 to 5",
                          "timedOut": false,
                          "duration": 0,
                          "state": "passed",
                          "speed": "fast",
                          "pass": true,
                          "fail": false,
                          "pending": false,
                          "context": null,
                          "code": "chai_1.expect(calc.getDecrementValue()).is.eql({ 'curr': result, 'total': result * calc.getFactor() });",
                          "err": {},
                          "uuid": "d1f03776-bd5d-482b-9b39-9f7d4af533fe",
                          "parentUUID": "56b3ba2d-fb2e-4c6e-b526-b93c2e8ec1ad",
                          "isHook": false,
                          "skipped": false
                        },
                        {
                          "title": "6: dec should go down from 5 to 4",
                          "fullTitle": "Quantity Calculator Test 1: Inv= fix, Case = fix, Min = fix CASE 1: default inc,dec,set with inv = 10 case,factor = 1, min = 0 2: dec tests: 6: dec should go down from 5 to 4",
                          "timedOut": false,
                          "duration": 0,
                          "state": "passed",
                          "speed": "fast",
                          "pass": true,
                          "fail": false,
                          "pending": false,
                          "context": null,
                          "code": "chai_1.expect(calc.getDecrementValue()).is.eql({ 'curr': result, 'total': result * calc.getFactor() });",
                          "err": {},
                          "uuid": "48a89338-4cea-4eeb-b8e7-d7bf9770582a",
                          "parentUUID": "56b3ba2d-fb2e-4c6e-b526-b93c2e8ec1ad",
                          "isHook": false,
                          "skipped": false
                        },
                        {
                          "title": "7: dec should go down from 4 to 3",
                          "fullTitle": "Quantity Calculator Test 1: Inv= fix, Case = fix, Min = fix CASE 1: default inc,dec,set with inv = 10 case,factor = 1, min = 0 2: dec tests: 7: dec should go down from 4 to 3",
                          "timedOut": false,
                          "duration": 0,
                          "state": "passed",
                          "speed": "fast",
                          "pass": true,
                          "fail": false,
                          "pending": false,
                          "context": null,
                          "code": "chai_1.expect(calc.getDecrementValue()).is.eql({ 'curr': result, 'total': result * calc.getFactor() });",
                          "err": {},
                          "uuid": "9f0c00ca-f83a-4114-a61e-573a7114847c",
                          "parentUUID": "56b3ba2d-fb2e-4c6e-b526-b93c2e8ec1ad",
                          "isHook": false,
                          "skipped": false
                        },
                        {
                          "title": "8: dec should go down from 3 to 2",
                          "fullTitle": "Quantity Calculator Test 1: Inv= fix, Case = fix, Min = fix CASE 1: default inc,dec,set with inv = 10 case,factor = 1, min = 0 2: dec tests: 8: dec should go down from 3 to 2",
                          "timedOut": false,
                          "duration": 0,
                          "state": "passed",
                          "speed": "fast",
                          "pass": true,
                          "fail": false,
                          "pending": false,
                          "context": null,
                          "code": "chai_1.expect(calc.getDecrementValue()).is.eql({ 'curr': result, 'total': result * calc.getFactor() });",
                          "err": {},
                          "uuid": "41f866d0-94c0-4e8d-96cb-7301330d7583",
                          "parentUUID": "56b3ba2d-fb2e-4c6e-b526-b93c2e8ec1ad",
                          "isHook": false,
                          "skipped": false
                        },
                        {
                          "title": "9: dec should go down from 2 to 1",
                          "fullTitle": "Quantity Calculator Test 1: Inv= fix, Case = fix, Min = fix CASE 1: default inc,dec,set with inv = 10 case,factor = 1, min = 0 2: dec tests: 9: dec should go down from 2 to 1",
                          "timedOut": false,
                          "duration": 0,
                          "state": "passed",
                          "speed": "fast",
                          "pass": true,
                          "fail": false,
                          "pending": false,
                          "context": null,
                          "code": "chai_1.expect(calc.getDecrementValue()).is.eql({ 'curr': result, 'total': result * calc.getFactor() });",
                          "err": {},
                          "uuid": "bf9db5f5-dd50-4a94-ad3e-f2370e25d20a",
                          "parentUUID": "56b3ba2d-fb2e-4c6e-b526-b93c2e8ec1ad",
                          "isHook": false,
                          "skipped": false
                        },
                        {
                          "title": "10: dec should go down from 1 to 0",
                          "fullTitle": "Quantity Calculator Test 1: Inv= fix, Case = fix, Min = fix CASE 1: default inc,dec,set with inv = 10 case,factor = 1, min = 0 2: dec tests: 10: dec should go down from 1 to 0",
                          "timedOut": false,
                          "duration": 0,
                          "state": "passed",
                          "speed": "fast",
                          "pass": true,
                          "fail": false,
                          "pending": false,
                          "context": null,
                          "code": "chai_1.expect(calc.getDecrementValue()).is.eql({ 'curr': result, 'total': result * calc.getFactor() });",
                          "err": {},
                          "uuid": "8885b973-d79c-4695-aec1-142c1bd964e3",
                          "parentUUID": "56b3ba2d-fb2e-4c6e-b526-b93c2e8ec1ad",
                          "isHook": false,
                          "skipped": false
                        },
                        {
                          "title": "11: dec should stay on 0",
                          "fullTitle": "Quantity Calculator Test 1: Inv= fix, Case = fix, Min = fix CASE 1: default inc,dec,set with inv = 10 case,factor = 1, min = 0 2: dec tests: 11: dec should stay on 0",
                          "timedOut": false,
                          "duration": 1,
                          "state": "passed",
                          "speed": "fast",
                          "pass": true,
                          "fail": false,
                          "pending": false,
                          "context": null,
                          "code": "chai_1.expect(calc.getDecrementValue()).is.eql({ 'curr': result, 'total': result * calc.getFactor() });",
                          "err": {},
                          "uuid": "c68fb89c-f41c-4ce7-8281-2be0f0f9ebea",
                          "parentUUID": "56b3ba2d-fb2e-4c6e-b526-b93c2e8ec1ad",
                          "isHook": false,
                          "skipped": false
                        }
                      ],
                      "suites": [],
                      "passes": [
                        "140458da-9805-41d9-875a-e53b574ba9fb",
                        "869e2819-67e6-4423-9e3c-4467da792a29",
                        "8a7df38e-37d0-4094-a2f6-efe74d8da2a1",
                        "76d85565-f08a-45d7-bbb9-c4839217a928",
                        "d1f03776-bd5d-482b-9b39-9f7d4af533fe",
                        "48a89338-4cea-4eeb-b8e7-d7bf9770582a",
                        "9f0c00ca-f83a-4114-a61e-573a7114847c",
                        "41f866d0-94c0-4e8d-96cb-7301330d7583",
                        "bf9db5f5-dd50-4a94-ad3e-f2370e25d20a",
                        "8885b973-d79c-4695-aec1-142c1bd964e3",
                        "c68fb89c-f41c-4ce7-8281-2be0f0f9ebea"
                      ],
                      "failures": [],
                      "pending": [],
                      "skipped": [],
                      "duration": 1,
                      "root": false,
                      "rootEmpty": false,
                      "_timeout": 2000
                    },
                    {
                      "uuid": "c9bbe0f0-712b-417c-a6da-17608eb91d69",
                      "title": "3: set tests:",
                      "fullFile": "C:\\uom_editor\\uom\\cpi-side\\quanitity-calculator.spec.ts",
                      "file": "\\quanitity-calculator.spec.ts",
                      "beforeHooks": [],
                      "afterHooks": [],
                      "tests": [
                        {
                          "title": "1: set to 0",
                          "fullTitle": "Quantity Calculator Test 1: Inv= fix, Case = fix, Min = fix CASE 1: default inc,dec,set with inv = 10 case,factor = 1, min = 0 3: set tests: 1: set to 0",
                          "timedOut": false,
                          "duration": 1,
                          "state": "passed",
                          "speed": "fast",
                          "pass": true,
                          "fail": false,
                          "pending": false,
                          "context": null,
                          "code": "chai_1.expect(calc.setVal(input)).that.is.eql({ 'curr': result, 'total': result * calc.getFactor() });",
                          "err": {},
                          "uuid": "47e3ecdc-8602-422f-96c4-5598831e2583",
                          "parentUUID": "c9bbe0f0-712b-417c-a6da-17608eb91d69",
                          "isHook": false,
                          "skipped": false
                        },
                        {
                          "title": "2: set to 10",
                          "fullTitle": "Quantity Calculator Test 1: Inv= fix, Case = fix, Min = fix CASE 1: default inc,dec,set with inv = 10 case,factor = 1, min = 0 3: set tests: 2: set to 10",
                          "timedOut": false,
                          "duration": 0,
                          "state": "passed",
                          "speed": "fast",
                          "pass": true,
                          "fail": false,
                          "pending": false,
                          "context": null,
                          "code": "chai_1.expect(calc.setVal(input)).that.is.eql({ 'curr': result, 'total': result * calc.getFactor() });",
                          "err": {},
                          "uuid": "2ef01efd-4856-4968-b0bf-63e4e6fd3af6",
                          "parentUUID": "c9bbe0f0-712b-417c-a6da-17608eb91d69",
                          "isHook": false,
                          "skipped": false
                        },
                        {
                          "title": "3: set to 5",
                          "fullTitle": "Quantity Calculator Test 1: Inv= fix, Case = fix, Min = fix CASE 1: default inc,dec,set with inv = 10 case,factor = 1, min = 0 3: set tests: 3: set to 5",
                          "timedOut": false,
                          "duration": 0,
                          "state": "passed",
                          "speed": "fast",
                          "pass": true,
                          "fail": false,
                          "pending": false,
                          "context": null,
                          "code": "chai_1.expect(calc.setVal(input)).that.is.eql({ 'curr': result, 'total': result * calc.getFactor() });",
                          "err": {},
                          "uuid": "8ac62f53-c8f2-46f1-8952-78fa51f16497",
                          "parentUUID": "c9bbe0f0-712b-417c-a6da-17608eb91d69",
                          "isHook": false,
                          "skipped": false
                        },
                        {
                          "title": "4: set to 11 should set 10",
                          "fullTitle": "Quantity Calculator Test 1: Inv= fix, Case = fix, Min = fix CASE 1: default inc,dec,set with inv = 10 case,factor = 1, min = 0 3: set tests: 4: set to 11 should set 10",
                          "timedOut": false,
                          "duration": 0,
                          "state": "passed",
                          "speed": "fast",
                          "pass": true,
                          "fail": false,
                          "pending": false,
                          "context": null,
                          "code": "chai_1.expect(calc.setVal(input)).that.is.eql({ 'curr': result, 'total': result * calc.getFactor() });",
                          "err": {},
                          "uuid": "0127d0aa-0b38-4058-b73c-63c46cfa3b36",
                          "parentUUID": "c9bbe0f0-712b-417c-a6da-17608eb91d69",
                          "isHook": false,
                          "skipped": false
                        },
                        {
                          "title": "5: set to -1 should set 0",
                          "fullTitle": "Quantity Calculator Test 1: Inv= fix, Case = fix, Min = fix CASE 1: default inc,dec,set with inv = 10 case,factor = 1, min = 0 3: set tests: 5: set to -1 should set 0",
                          "timedOut": false,
                          "duration": 0,
                          "state": "passed",
                          "speed": "fast",
                          "pass": true,
                          "fail": false,
                          "pending": false,
                          "context": null,
                          "code": "chai_1.expect(calc.setVal(input)).that.is.eql({ 'curr': result, 'total': result * calc.getFactor() });",
                          "err": {},
                          "uuid": "f609c217-ae00-4b5f-8ad5-2685ec58c6d4",
                          "parentUUID": "c9bbe0f0-712b-417c-a6da-17608eb91d69",
                          "isHook": false,
                          "skipped": false
                        },
                        {
                          "title": "6: set to 999 should set to 10 ",
                          "fullTitle": "Quantity Calculator Test 1: Inv= fix, Case = fix, Min = fix CASE 1: default inc,dec,set with inv = 10 case,factor = 1, min = 0 3: set tests: 6: set to 999 should set to 10 ",
                          "timedOut": false,
                          "duration": 0,
                          "state": "passed",
                          "speed": "fast",
                          "pass": true,
                          "fail": false,
                          "pending": false,
                          "context": null,
                          "code": "chai_1.expect(calc.setVal(input)).that.is.eql({ 'curr': result, 'total': result * calc.getFactor() });",
                          "err": {},
                          "uuid": "5adbec66-f4e0-40cc-ae32-1573b5886594",
                          "parentUUID": "c9bbe0f0-712b-417c-a6da-17608eb91d69",
                          "isHook": false,
                          "skipped": false
                        },
                        {
                          "title": "6: set to 10 should set to 10 ",
                          "fullTitle": "Quantity Calculator Test 1: Inv= fix, Case = fix, Min = fix CASE 1: default inc,dec,set with inv = 10 case,factor = 1, min = 0 3: set tests: 6: set to 10 should set to 10 ",
                          "timedOut": false,
                          "duration": 0,
                          "state": "passed",
                          "speed": "fast",
                          "pass": true,
                          "fail": false,
                          "pending": false,
                          "context": null,
                          "code": "chai_1.expect(calc.setVal(input)).that.is.eql({ 'curr': result, 'total': result * calc.getFactor() });",
                          "err": {},
                          "uuid": "7e500b2a-5b57-4ec2-8677-2df6611b05cc",
                          "parentUUID": "c9bbe0f0-712b-417c-a6da-17608eb91d69",
                          "isHook": false,
                          "skipped": false
                        }
                      ],
                      "suites": [],
                      "passes": [
                        "47e3ecdc-8602-422f-96c4-5598831e2583",
                        "2ef01efd-4856-4968-b0bf-63e4e6fd3af6",
                        "8ac62f53-c8f2-46f1-8952-78fa51f16497",
                        "0127d0aa-0b38-4058-b73c-63c46cfa3b36",
                        "f609c217-ae00-4b5f-8ad5-2685ec58c6d4",
                        "5adbec66-f4e0-40cc-ae32-1573b5886594",
                        "7e500b2a-5b57-4ec2-8677-2df6611b05cc"
                      ],
                      "failures": [],
                      "pending": [],
                      "skipped": [],
                      "duration": 1,
                      "root": false,
                      "rootEmpty": false,
                      "_timeout": 2000
                    },
                    {
                      "uuid": "316c5f2f-37f7-46cb-86d3-b13dac93b8f3",
                      "title": "4: set inc dec cobination:",
                      "fullFile": "C:\\uom_editor\\uom\\cpi-side\\quanitity-calculator.spec.ts",
                      "file": "\\quanitity-calculator.spec.ts",
                      "beforeHooks": [],
                      "afterHooks": [],
                      "tests": [
                        {
                          "title": "1: set to 0",
                          "fullTitle": "Quantity Calculator Test 1: Inv= fix, Case = fix, Min = fix CASE 1: default inc,dec,set with inv = 10 case,factor = 1, min = 0 4: set inc dec cobination: 1: set to 0",
                          "timedOut": false,
                          "duration": 1,
                          "state": "passed",
                          "speed": "fast",
                          "pass": true,
                          "fail": false,
                          "pending": false,
                          "context": null,
                          "code": "chai_1.expect(calc.setVal(input)).that.is.eql({ 'curr': result, 'total': result * calc.getFactor() });",
                          "err": {},
                          "uuid": "b26f39b7-8ab0-4d64-9031-cbbc179eff0c",
                          "parentUUID": "316c5f2f-37f7-46cb-86d3-b13dac93b8f3",
                          "isHook": false,
                          "skipped": false
                        },
                        {
                          "title": "2: inc should go up to 1",
                          "fullTitle": "Quantity Calculator Test 1: Inv= fix, Case = fix, Min = fix CASE 1: default inc,dec,set with inv = 10 case,factor = 1, min = 0 4: set inc dec cobination: 2: inc should go up to 1",
                          "timedOut": false,
                          "duration": 0,
                          "state": "passed",
                          "speed": "fast",
                          "pass": true,
                          "fail": false,
                          "pending": false,
                          "context": null,
                          "code": "chai_1.expect(calc.getIncrementValue()).that.is.eql({ 'curr': result, 'total': result * calc.getFactor() });",
                          "err": {},
                          "uuid": "77a13913-0ebe-4adc-b641-4f9b32dbc072",
                          "parentUUID": "316c5f2f-37f7-46cb-86d3-b13dac93b8f3",
                          "isHook": false,
                          "skipped": false
                        },
                        {
                          "title": "3: dec should go down to 0",
                          "fullTitle": "Quantity Calculator Test 1: Inv= fix, Case = fix, Min = fix CASE 1: default inc,dec,set with inv = 10 case,factor = 1, min = 0 4: set inc dec cobination: 3: dec should go down to 0",
                          "timedOut": false,
                          "duration": 0,
                          "state": "passed",
                          "speed": "fast",
                          "pass": true,
                          "fail": false,
                          "pending": false,
                          "context": null,
                          "code": "chai_1.expect(calc.getDecrementValue()).is.eql({ 'curr': result, 'total': result * calc.getFactor() });",
                          "err": {},
                          "uuid": "f9b12476-1add-42bc-9f8b-57b0accc2e96",
                          "parentUUID": "316c5f2f-37f7-46cb-86d3-b13dac93b8f3",
                          "isHook": false,
                          "skipped": false
                        },
                        {
                          "title": "4: dec should stay on 0",
                          "fullTitle": "Quantity Calculator Test 1: Inv= fix, Case = fix, Min = fix CASE 1: default inc,dec,set with inv = 10 case,factor = 1, min = 0 4: set inc dec cobination: 4: dec should stay on 0",
                          "timedOut": false,
                          "duration": 0,
                          "state": "passed",
                          "speed": "fast",
                          "pass": true,
                          "fail": false,
                          "pending": false,
                          "context": null,
                          "code": "chai_1.expect(calc.getDecrementValue()).is.eql({ 'curr': result, 'total': result * calc.getFactor() });",
                          "err": {},
                          "uuid": "54659106-19db-47e7-b845-c634837f99a5",
                          "parentUUID": "316c5f2f-37f7-46cb-86d3-b13dac93b8f3",
                          "isHook": false,
                          "skipped": false
                        },
                        {
                          "title": "5: set to 9 should set 9",
                          "fullTitle": "Quantity Calculator Test 1: Inv= fix, Case = fix, Min = fix CASE 1: default inc,dec,set with inv = 10 case,factor = 1, min = 0 4: set inc dec cobination: 5: set to 9 should set 9",
                          "timedOut": false,
                          "duration": 0,
                          "state": "passed",
                          "speed": "fast",
                          "pass": true,
                          "fail": false,
                          "pending": false,
                          "context": null,
                          "code": "chai_1.expect(calc.setVal(input)).that.is.eql({ 'curr': result, 'total': result * calc.getFactor() });",
                          "err": {},
                          "uuid": "c3fcb294-3cbc-447a-bb57-b64d5fc18ccb",
                          "parentUUID": "316c5f2f-37f7-46cb-86d3-b13dac93b8f3",
                          "isHook": false,
                          "skipped": false
                        },
                        {
                          "title": "6: inc should go to 10 ",
                          "fullTitle": "Quantity Calculator Test 1: Inv= fix, Case = fix, Min = fix CASE 1: default inc,dec,set with inv = 10 case,factor = 1, min = 0 4: set inc dec cobination: 6: inc should go to 10 ",
                          "timedOut": false,
                          "duration": 0,
                          "state": "passed",
                          "speed": "fast",
                          "pass": true,
                          "fail": false,
                          "pending": false,
                          "context": null,
                          "code": "chai_1.expect(calc.getIncrementValue()).that.is.eql({ 'curr': result, 'total': result * calc.getFactor() });",
                          "err": {},
                          "uuid": "f9b5fb5c-f9bb-48b3-a81b-7d8deb47be51",
                          "parentUUID": "316c5f2f-37f7-46cb-86d3-b13dac93b8f3",
                          "isHook": false,
                          "skipped": false
                        },
                        {
                          "title": "6: set to 999 should set to 10 ",
                          "fullTitle": "Quantity Calculator Test 1: Inv= fix, Case = fix, Min = fix CASE 1: default inc,dec,set with inv = 10 case,factor = 1, min = 0 4: set inc dec cobination: 6: set to 999 should set to 10 ",
                          "timedOut": false,
                          "duration": 0,
                          "state": "passed",
                          "speed": "fast",
                          "pass": true,
                          "fail": false,
                          "pending": false,
                          "context": null,
                          "code": "chai_1.expect(calc.setVal(input)).that.is.eql({ 'curr': result, 'total': result * calc.getFactor() });",
                          "err": {},
                          "uuid": "802f5aa2-21c0-459f-9ca3-a1169109d776",
                          "parentUUID": "316c5f2f-37f7-46cb-86d3-b13dac93b8f3",
                          "isHook": false,
                          "skipped": false
                        },
                        {
                          "title": "6: inc should stay on 10 ",
                          "fullTitle": "Quantity Calculator Test 1: Inv= fix, Case = fix, Min = fix CASE 1: default inc,dec,set with inv = 10 case,factor = 1, min = 0 4: set inc dec cobination: 6: inc should stay on 10 ",
                          "timedOut": false,
                          "duration": 0,
                          "state": "passed",
                          "speed": "fast",
                          "pass": true,
                          "fail": false,
                          "pending": false,
                          "context": null,
                          "code": "chai_1.expect(calc.getIncrementValue()).that.is.eql({ 'curr': result, 'total': result * calc.getFactor() });",
                          "err": {},
                          "uuid": "9aae2082-3de3-41f9-9b99-4da7a2ad272e",
                          "parentUUID": "316c5f2f-37f7-46cb-86d3-b13dac93b8f3",
                          "isHook": false,
                          "skipped": false
                        }
                      ],
                      "suites": [],
                      "passes": [
                        "b26f39b7-8ab0-4d64-9031-cbbc179eff0c",
                        "77a13913-0ebe-4adc-b641-4f9b32dbc072",
                        "f9b12476-1add-42bc-9f8b-57b0accc2e96",
                        "54659106-19db-47e7-b845-c634837f99a5",
                        "c3fcb294-3cbc-447a-bb57-b64d5fc18ccb",
                        "f9b5fb5c-f9bb-48b3-a81b-7d8deb47be51",
                        "802f5aa2-21c0-459f-9ca3-a1169109d776",
                        "9aae2082-3de3-41f9-9b99-4da7a2ad272e"
                      ],
                      "failures": [],
                      "pending": [],
                      "skipped": [],
                      "duration": 1,
                      "root": false,
                      "rootEmpty": false,
                      "_timeout": 2000
                    }
                  ],
                  "passes": [],
                  "failures": [],
                  "pending": [],
                  "skipped": [],
                  "duration": 0,
                  "root": false,
                  "rootEmpty": false,
                  "_timeout": 2000
                },
                {
                  "uuid": "27a89900-9a40-45d5-9eac-40f4b56c8a93",
                  "title": "CASE 2: min%case != 0  inv = 10 case = 2 factor = 1, min = 3",
                  "fullFile": "C:\\uom_editor\\uom\\cpi-side\\quanitity-calculator.spec.ts",
                  "file": "\\quanitity-calculator.spec.ts",
                  "beforeHooks": [],
                  "afterHooks": [],
                  "tests": [],
                  "suites": [
                    {
                      "uuid": "3f186a72-fce3-40f3-87d8-8a70a95b9534",
                      "title": "1: inc tests:",
                      "fullFile": "C:\\uom_editor\\uom\\cpi-side\\quanitity-calculator.spec.ts",
                      "file": "\\quanitity-calculator.spec.ts",
                      "beforeHooks": [],
                      "afterHooks": [],
                      "tests": [
                        {
                          "title": "1: inc should go up from 0 to 4",
                          "fullTitle": "Quantity Calculator Test 1: Inv= fix, Case = fix, Min = fix CASE 2: min%case != 0  inv = 10 case = 2 factor = 1, min = 3 1: inc tests: 1: inc should go up from 0 to 4",
                          "timedOut": false,
                          "duration": 0,
                          "state": "passed",
                          "speed": "fast",
                          "pass": true,
                          "fail": false,
                          "pending": false,
                          "context": null,
                          "code": "chai_1.expect(calc.getIncrementValue()).that.is.eql({ 'curr': result, 'total': result * calc.getFactor() });",
                          "err": {},
                          "uuid": "c6dea971-0766-4485-8a5a-b4848b895158",
                          "parentUUID": "3f186a72-fce3-40f3-87d8-8a70a95b9534",
                          "isHook": false,
                          "skipped": false
                        },
                        {
                          "title": "2: inc should go up from 4 to 6",
                          "fullTitle": "Quantity Calculator Test 1: Inv= fix, Case = fix, Min = fix CASE 2: min%case != 0  inv = 10 case = 2 factor = 1, min = 3 1: inc tests: 2: inc should go up from 4 to 6",
                          "timedOut": false,
                          "duration": 0,
                          "state": "passed",
                          "speed": "fast",
                          "pass": true,
                          "fail": false,
                          "pending": false,
                          "context": null,
                          "code": "chai_1.expect(calc.getIncrementValue()).that.is.eql({ 'curr': result, 'total': result * calc.getFactor() });",
                          "err": {},
                          "uuid": "fa568dff-6912-4724-9fff-851168344cad",
                          "parentUUID": "3f186a72-fce3-40f3-87d8-8a70a95b9534",
                          "isHook": false,
                          "skipped": false
                        },
                        {
                          "title": "3: inc should go up from 6 to 8",
                          "fullTitle": "Quantity Calculator Test 1: Inv= fix, Case = fix, Min = fix CASE 2: min%case != 0  inv = 10 case = 2 factor = 1, min = 3 1: inc tests: 3: inc should go up from 6 to 8",
                          "timedOut": false,
                          "duration": 0,
                          "state": "passed",
                          "speed": "fast",
                          "pass": true,
                          "fail": false,
                          "pending": false,
                          "context": null,
                          "code": "chai_1.expect(calc.getIncrementValue()).that.is.eql({ 'curr': result, 'total': result * calc.getFactor() });",
                          "err": {},
                          "uuid": "2c4af1b6-a7ef-4b06-8172-11394ce759a7",
                          "parentUUID": "3f186a72-fce3-40f3-87d8-8a70a95b9534",
                          "isHook": false,
                          "skipped": false
                        },
                        {
                          "title": "4: inc should go up from 8 to 10",
                          "fullTitle": "Quantity Calculator Test 1: Inv= fix, Case = fix, Min = fix CASE 2: min%case != 0  inv = 10 case = 2 factor = 1, min = 3 1: inc tests: 4: inc should go up from 8 to 10",
                          "timedOut": false,
                          "duration": 0,
                          "state": "passed",
                          "speed": "fast",
                          "pass": true,
                          "fail": false,
                          "pending": false,
                          "context": null,
                          "code": "chai_1.expect(calc.getIncrementValue()).that.is.eql({ 'curr': result, 'total': result * calc.getFactor() });",
                          "err": {},
                          "uuid": "8676b5e9-414f-4d0a-9030-ad612cfbefdd",
                          "parentUUID": "3f186a72-fce3-40f3-87d8-8a70a95b9534",
                          "isHook": false,
                          "skipped": false
                        },
                        {
                          "title": "5: inc should stay on 10",
                          "fullTitle": "Quantity Calculator Test 1: Inv= fix, Case = fix, Min = fix CASE 2: min%case != 0  inv = 10 case = 2 factor = 1, min = 3 1: inc tests: 5: inc should stay on 10",
                          "timedOut": false,
                          "duration": 0,
                          "state": "passed",
                          "speed": "fast",
                          "pass": true,
                          "fail": false,
                          "pending": false,
                          "context": null,
                          "code": "chai_1.expect(calc.getIncrementValue()).that.is.eql({ 'curr': result, 'total': result * calc.getFactor() });",
                          "err": {},
                          "uuid": "0e05254f-bd81-4471-ab99-f1c92130f8cb",
                          "parentUUID": "3f186a72-fce3-40f3-87d8-8a70a95b9534",
                          "isHook": false,
                          "skipped": false
                        }
                      ],
                      "suites": [],
                      "passes": [
                        "c6dea971-0766-4485-8a5a-b4848b895158",
                        "fa568dff-6912-4724-9fff-851168344cad",
                        "2c4af1b6-a7ef-4b06-8172-11394ce759a7",
                        "8676b5e9-414f-4d0a-9030-ad612cfbefdd",
                        "0e05254f-bd81-4471-ab99-f1c92130f8cb"
                      ],
                      "failures": [],
                      "pending": [],
                      "skipped": [],
                      "duration": 0,
                      "root": false,
                      "rootEmpty": false,
                      "_timeout": 2000
                    },
                    {
                      "uuid": "6495403d-1834-478f-b295-89c93ba9b1f2",
                      "title": "2: dec tests:",
                      "fullFile": "C:\\uom_editor\\uom\\cpi-side\\quanitity-calculator.spec.ts",
                      "file": "\\quanitity-calculator.spec.ts",
                      "beforeHooks": [],
                      "afterHooks": [],
                      "tests": [
                        {
                          "title": "1: dec should go down from 10 to 8",
                          "fullTitle": "Quantity Calculator Test 1: Inv= fix, Case = fix, Min = fix CASE 2: min%case != 0  inv = 10 case = 2 factor = 1, min = 3 2: dec tests: 1: dec should go down from 10 to 8",
                          "timedOut": false,
                          "duration": 0,
                          "state": "passed",
                          "speed": "fast",
                          "pass": true,
                          "fail": false,
                          "pending": false,
                          "context": null,
                          "code": "chai_1.expect(calc.getDecrementValue()).is.eql({ 'curr': result, 'total': result * calc.getFactor() });",
                          "err": {},
                          "uuid": "012d22ea-16b2-4f85-bece-90300c9d4326",
                          "parentUUID": "6495403d-1834-478f-b295-89c93ba9b1f2",
                          "isHook": false,
                          "skipped": false
                        },
                        {
                          "title": "2: dec should go down from 8 to 6",
                          "fullTitle": "Quantity Calculator Test 1: Inv= fix, Case = fix, Min = fix CASE 2: min%case != 0  inv = 10 case = 2 factor = 1, min = 3 2: dec tests: 2: dec should go down from 8 to 6",
                          "timedOut": false,
                          "duration": 0,
                          "state": "passed",
                          "speed": "fast",
                          "pass": true,
                          "fail": false,
                          "pending": false,
                          "context": null,
                          "code": "chai_1.expect(calc.getDecrementValue()).is.eql({ 'curr': result, 'total': result * calc.getFactor() });",
                          "err": {},
                          "uuid": "75814fce-8fe7-4007-9357-a058db336cb3",
                          "parentUUID": "6495403d-1834-478f-b295-89c93ba9b1f2",
                          "isHook": false,
                          "skipped": false
                        },
                        {
                          "title": "3: dec should go down from 6 to 4",
                          "fullTitle": "Quantity Calculator Test 1: Inv= fix, Case = fix, Min = fix CASE 2: min%case != 0  inv = 10 case = 2 factor = 1, min = 3 2: dec tests: 3: dec should go down from 6 to 4",
                          "timedOut": false,
                          "duration": 0,
                          "state": "passed",
                          "speed": "fast",
                          "pass": true,
                          "fail": false,
                          "pending": false,
                          "context": null,
                          "code": "chai_1.expect(calc.getDecrementValue()).is.eql({ 'curr': result, 'total': result * calc.getFactor() });",
                          "err": {},
                          "uuid": "d79c63d6-ca5a-4cd7-a78b-f39148ebcfde",
                          "parentUUID": "6495403d-1834-478f-b295-89c93ba9b1f2",
                          "isHook": false,
                          "skipped": false
                        },
                        {
                          "title": "4: dec should go down from 4 to 0",
                          "fullTitle": "Quantity Calculator Test 1: Inv= fix, Case = fix, Min = fix CASE 2: min%case != 0  inv = 10 case = 2 factor = 1, min = 3 2: dec tests: 4: dec should go down from 4 to 0",
                          "timedOut": false,
                          "duration": 0,
                          "state": "passed",
                          "speed": "fast",
                          "pass": true,
                          "fail": false,
                          "pending": false,
                          "context": null,
                          "code": "chai_1.expect(calc.getDecrementValue()).is.eql({ 'curr': result, 'total': result * calc.getFactor() });",
                          "err": {},
                          "uuid": "77471771-f1c5-48ac-8ed6-ea7155dce720",
                          "parentUUID": "6495403d-1834-478f-b295-89c93ba9b1f2",
                          "isHook": false,
                          "skipped": false
                        },
                        {
                          "title": "5: dec should stay on 0",
                          "fullTitle": "Quantity Calculator Test 1: Inv= fix, Case = fix, Min = fix CASE 2: min%case != 0  inv = 10 case = 2 factor = 1, min = 3 2: dec tests: 5: dec should stay on 0",
                          "timedOut": false,
                          "duration": 0,
                          "state": "passed",
                          "speed": "fast",
                          "pass": true,
                          "fail": false,
                          "pending": false,
                          "context": null,
                          "code": "chai_1.expect(calc.getDecrementValue()).is.eql({ 'curr': result, 'total': result * calc.getFactor() });",
                          "err": {},
                          "uuid": "13851f12-2b58-4bd4-9610-18734c398313",
                          "parentUUID": "6495403d-1834-478f-b295-89c93ba9b1f2",
                          "isHook": false,
                          "skipped": false
                        }
                      ],
                      "suites": [],
                      "passes": [
                        "012d22ea-16b2-4f85-bece-90300c9d4326",
                        "75814fce-8fe7-4007-9357-a058db336cb3",
                        "d79c63d6-ca5a-4cd7-a78b-f39148ebcfde",
                        "77471771-f1c5-48ac-8ed6-ea7155dce720",
                        "13851f12-2b58-4bd4-9610-18734c398313"
                      ],
                      "failures": [],
                      "pending": [],
                      "skipped": [],
                      "duration": 0,
                      "root": false,
                      "rootEmpty": false,
                      "_timeout": 2000
                    },
                    {
                      "uuid": "1dbf06ca-ca2c-4c98-9acb-96c20ba125b8",
                      "title": "3: set tests:",
                      "fullFile": "C:\\uom_editor\\uom\\cpi-side\\quanitity-calculator.spec.ts",
                      "file": "\\quanitity-calculator.spec.ts",
                      "beforeHooks": [],
                      "afterHooks": [],
                      "tests": [
                        {
                          "title": "1: set to 0",
                          "fullTitle": "Quantity Calculator Test 1: Inv= fix, Case = fix, Min = fix CASE 2: min%case != 0  inv = 10 case = 2 factor = 1, min = 3 3: set tests: 1: set to 0",
                          "timedOut": false,
                          "duration": 1,
                          "state": "passed",
                          "speed": "fast",
                          "pass": true,
                          "fail": false,
                          "pending": false,
                          "context": null,
                          "code": "chai_1.expect(calc.setVal(input)).that.is.eql({ 'curr': result, 'total': result * calc.getFactor() });",
                          "err": {},
                          "uuid": "55a7c89d-f66c-4dcf-98e2-755038125eb2",
                          "parentUUID": "1dbf06ca-ca2c-4c98-9acb-96c20ba125b8",
                          "isHook": false,
                          "skipped": false
                        },
                        {
                          "title": "2: set to 10",
                          "fullTitle": "Quantity Calculator Test 1: Inv= fix, Case = fix, Min = fix CASE 2: min%case != 0  inv = 10 case = 2 factor = 1, min = 3 3: set tests: 2: set to 10",
                          "timedOut": false,
                          "duration": 0,
                          "state": "passed",
                          "speed": "fast",
                          "pass": true,
                          "fail": false,
                          "pending": false,
                          "context": null,
                          "code": "chai_1.expect(calc.setVal(input)).that.is.eql({ 'curr': result, 'total': result * calc.getFactor() });",
                          "err": {},
                          "uuid": "7d095dcf-5e5b-4c52-925f-4a9dab507cc1",
                          "parentUUID": "1dbf06ca-ca2c-4c98-9acb-96c20ba125b8",
                          "isHook": false,
                          "skipped": false
                        },
                        {
                          "title": "3: set to 5 need to set to 6",
                          "fullTitle": "Quantity Calculator Test 1: Inv= fix, Case = fix, Min = fix CASE 2: min%case != 0  inv = 10 case = 2 factor = 1, min = 3 3: set tests: 3: set to 5 need to set to 6",
                          "timedOut": false,
                          "duration": 0,
                          "state": "passed",
                          "speed": "fast",
                          "pass": true,
                          "fail": false,
                          "pending": false,
                          "context": null,
                          "code": "chai_1.expect(calc.setVal(input)).that.is.eql({ 'curr': result, 'total': result * calc.getFactor() });",
                          "err": {},
                          "uuid": "03240651-33ee-4f52-84f3-eac764ffdf46",
                          "parentUUID": "1dbf06ca-ca2c-4c98-9acb-96c20ba125b8",
                          "isHook": false,
                          "skipped": false
                        },
                        {
                          "title": "4: set to 11 should set 10",
                          "fullTitle": "Quantity Calculator Test 1: Inv= fix, Case = fix, Min = fix CASE 2: min%case != 0  inv = 10 case = 2 factor = 1, min = 3 3: set tests: 4: set to 11 should set 10",
                          "timedOut": false,
                          "duration": 0,
                          "state": "passed",
                          "speed": "fast",
                          "pass": true,
                          "fail": false,
                          "pending": false,
                          "context": null,
                          "code": "chai_1.expect(calc.setVal(input)).that.is.eql({ 'curr': result, 'total': result * calc.getFactor() });",
                          "err": {},
                          "uuid": "aeee5821-441f-45dd-a7a6-db8bf3607160",
                          "parentUUID": "1dbf06ca-ca2c-4c98-9acb-96c20ba125b8",
                          "isHook": false,
                          "skipped": false
                        },
                        {
                          "title": "5: set to -1 should set 0",
                          "fullTitle": "Quantity Calculator Test 1: Inv= fix, Case = fix, Min = fix CASE 2: min%case != 0  inv = 10 case = 2 factor = 1, min = 3 3: set tests: 5: set to -1 should set 0",
                          "timedOut": false,
                          "duration": 0,
                          "state": "passed",
                          "speed": "fast",
                          "pass": true,
                          "fail": false,
                          "pending": false,
                          "context": null,
                          "code": "chai_1.expect(calc.setVal(input)).that.is.eql({ 'curr': result, 'total': result * calc.getFactor() });",
                          "err": {},
                          "uuid": "807c2b7f-e669-47c9-baf6-d41c6280e064",
                          "parentUUID": "1dbf06ca-ca2c-4c98-9acb-96c20ba125b8",
                          "isHook": false,
                          "skipped": false
                        },
                        {
                          "title": "6: set to 999 should set to 10 ",
                          "fullTitle": "Quantity Calculator Test 1: Inv= fix, Case = fix, Min = fix CASE 2: min%case != 0  inv = 10 case = 2 factor = 1, min = 3 3: set tests: 6: set to 999 should set to 10 ",
                          "timedOut": false,
                          "duration": 0,
                          "state": "passed",
                          "speed": "fast",
                          "pass": true,
                          "fail": false,
                          "pending": false,
                          "context": null,
                          "code": "chai_1.expect(calc.setVal(input)).that.is.eql({ 'curr': result, 'total': result * calc.getFactor() });",
                          "err": {},
                          "uuid": "8369edbc-835b-4ea8-a633-34823c7b82da",
                          "parentUUID": "1dbf06ca-ca2c-4c98-9acb-96c20ba125b8",
                          "isHook": false,
                          "skipped": false
                        },
                        {
                          "title": "6: set to 1 should set to 4 ",
                          "fullTitle": "Quantity Calculator Test 1: Inv= fix, Case = fix, Min = fix CASE 2: min%case != 0  inv = 10 case = 2 factor = 1, min = 3 3: set tests: 6: set to 1 should set to 4 ",
                          "timedOut": false,
                          "duration": 1,
                          "state": "passed",
                          "speed": "fast",
                          "pass": true,
                          "fail": false,
                          "pending": false,
                          "context": null,
                          "code": "chai_1.expect(calc.setVal(input)).that.is.eql({ 'curr': result, 'total': result * calc.getFactor() });",
                          "err": {},
                          "uuid": "1121c72d-e079-4287-8b12-bd5a7bfec3b9",
                          "parentUUID": "1dbf06ca-ca2c-4c98-9acb-96c20ba125b8",
                          "isHook": false,
                          "skipped": false
                        }
                      ],
                      "suites": [],
                      "passes": [
                        "55a7c89d-f66c-4dcf-98e2-755038125eb2",
                        "7d095dcf-5e5b-4c52-925f-4a9dab507cc1",
                        "03240651-33ee-4f52-84f3-eac764ffdf46",
                        "aeee5821-441f-45dd-a7a6-db8bf3607160",
                        "807c2b7f-e669-47c9-baf6-d41c6280e064",
                        "8369edbc-835b-4ea8-a633-34823c7b82da",
                        "1121c72d-e079-4287-8b12-bd5a7bfec3b9"
                      ],
                      "failures": [],
                      "pending": [],
                      "skipped": [],
                      "duration": 2,
                      "root": false,
                      "rootEmpty": false,
                      "_timeout": 2000
                    },
                    {
                      "uuid": "afb17684-bcfa-4c53-8c69-ff9c12050fb6",
                      "title": "4: set inc dec cobination:",
                      "fullFile": "C:\\uom_editor\\uom\\cpi-side\\quanitity-calculator.spec.ts",
                      "file": "\\quanitity-calculator.spec.ts",
                      "beforeHooks": [],
                      "afterHooks": [],
                      "tests": [
                        {
                          "title": "1: set to 0",
                          "fullTitle": "Quantity Calculator Test 1: Inv= fix, Case = fix, Min = fix CASE 2: min%case != 0  inv = 10 case = 2 factor = 1, min = 3 4: set inc dec cobination: 1: set to 0",
                          "timedOut": false,
                          "duration": 0,
                          "state": "passed",
                          "speed": "fast",
                          "pass": true,
                          "fail": false,
                          "pending": false,
                          "context": null,
                          "code": "chai_1.expect(calc.setVal(input)).that.is.eql({ 'curr': result, 'total': result * calc.getFactor() });",
                          "err": {},
                          "uuid": "f71c32e3-cd22-40b3-9d51-a700aaa3cd51",
                          "parentUUID": "afb17684-bcfa-4c53-8c69-ff9c12050fb6",
                          "isHook": false,
                          "skipped": false
                        },
                        {
                          "title": "2: inc should go up to 4",
                          "fullTitle": "Quantity Calculator Test 1: Inv= fix, Case = fix, Min = fix CASE 2: min%case != 0  inv = 10 case = 2 factor = 1, min = 3 4: set inc dec cobination: 2: inc should go up to 4",
                          "timedOut": false,
                          "duration": 0,
                          "state": "passed",
                          "speed": "fast",
                          "pass": true,
                          "fail": false,
                          "pending": false,
                          "context": null,
                          "code": "chai_1.expect(calc.getIncrementValue()).that.is.eql({ 'curr': result, 'total': result * calc.getFactor() });",
                          "err": {},
                          "uuid": "02dba788-e039-4800-af9d-93713b4ac6e9",
                          "parentUUID": "afb17684-bcfa-4c53-8c69-ff9c12050fb6",
                          "isHook": false,
                          "skipped": false
                        },
                        {
                          "title": "3: dec should go down to 0",
                          "fullTitle": "Quantity Calculator Test 1: Inv= fix, Case = fix, Min = fix CASE 2: min%case != 0  inv = 10 case = 2 factor = 1, min = 3 4: set inc dec cobination: 3: dec should go down to 0",
                          "timedOut": false,
                          "duration": 0,
                          "state": "passed",
                          "speed": "fast",
                          "pass": true,
                          "fail": false,
                          "pending": false,
                          "context": null,
                          "code": "chai_1.expect(calc.getDecrementValue()).is.eql({ 'curr': result, 'total': result * calc.getFactor() });",
                          "err": {},
                          "uuid": "657dc482-a5c2-4500-8c28-dc6aa3a21586",
                          "parentUUID": "afb17684-bcfa-4c53-8c69-ff9c12050fb6",
                          "isHook": false,
                          "skipped": false
                        },
                        {
                          "title": "4: dec should stay on 0",
                          "fullTitle": "Quantity Calculator Test 1: Inv= fix, Case = fix, Min = fix CASE 2: min%case != 0  inv = 10 case = 2 factor = 1, min = 3 4: set inc dec cobination: 4: dec should stay on 0",
                          "timedOut": false,
                          "duration": 0,
                          "state": "passed",
                          "speed": "fast",
                          "pass": true,
                          "fail": false,
                          "pending": false,
                          "context": null,
                          "code": "chai_1.expect(calc.getDecrementValue()).is.eql({ 'curr': result, 'total': result * calc.getFactor() });",
                          "err": {},
                          "uuid": "da0fb7d4-1261-4817-87b7-9ed1605da2f1",
                          "parentUUID": "afb17684-bcfa-4c53-8c69-ff9c12050fb6",
                          "isHook": false,
                          "skipped": false
                        },
                        {
                          "title": "5: set to 9 should set 10",
                          "fullTitle": "Quantity Calculator Test 1: Inv= fix, Case = fix, Min = fix CASE 2: min%case != 0  inv = 10 case = 2 factor = 1, min = 3 4: set inc dec cobination: 5: set to 9 should set 10",
                          "timedOut": false,
                          "duration": 1,
                          "state": "passed",
                          "speed": "fast",
                          "pass": true,
                          "fail": false,
                          "pending": false,
                          "context": null,
                          "code": "chai_1.expect(calc.setVal(input)).that.is.eql({ 'curr': result, 'total': result * calc.getFactor() });",
                          "err": {},
                          "uuid": "79b41c80-fa55-4837-932f-89bf1941e2c7",
                          "parentUUID": "afb17684-bcfa-4c53-8c69-ff9c12050fb6",
                          "isHook": false,
                          "skipped": false
                        },
                        {
                          "title": "6: inc should stay on 10 ",
                          "fullTitle": "Quantity Calculator Test 1: Inv= fix, Case = fix, Min = fix CASE 2: min%case != 0  inv = 10 case = 2 factor = 1, min = 3 4: set inc dec cobination: 6: inc should stay on 10 ",
                          "timedOut": false,
                          "duration": 0,
                          "state": "passed",
                          "speed": "fast",
                          "pass": true,
                          "fail": false,
                          "pending": false,
                          "context": null,
                          "code": "chai_1.expect(calc.getIncrementValue()).that.is.eql({ 'curr': result, 'total': result * calc.getFactor() });",
                          "err": {},
                          "uuid": "b42608ff-c8cd-4fd3-bb14-d87bda822419",
                          "parentUUID": "afb17684-bcfa-4c53-8c69-ff9c12050fb6",
                          "isHook": false,
                          "skipped": false
                        },
                        {
                          "title": "7: set to -1 needs to set to 0 ",
                          "fullTitle": "Quantity Calculator Test 1: Inv= fix, Case = fix, Min = fix CASE 2: min%case != 0  inv = 10 case = 2 factor = 1, min = 3 4: set inc dec cobination: 7: set to -1 needs to set to 0 ",
                          "timedOut": false,
                          "duration": 0,
                          "state": "passed",
                          "speed": "fast",
                          "pass": true,
                          "fail": false,
                          "pending": false,
                          "context": null,
                          "code": "chai_1.expect(calc.setVal(input)).that.is.eql({ 'curr': result, 'total': result * calc.getFactor() });",
                          "err": {},
                          "uuid": "0b28d289-b120-4dd4-ac4c-6453c1b45ef5",
                          "parentUUID": "afb17684-bcfa-4c53-8c69-ff9c12050fb6",
                          "isHook": false,
                          "skipped": false
                        },
                        {
                          "title": "8: inc should go to 4 ",
                          "fullTitle": "Quantity Calculator Test 1: Inv= fix, Case = fix, Min = fix CASE 2: min%case != 0  inv = 10 case = 2 factor = 1, min = 3 4: set inc dec cobination: 8: inc should go to 4 ",
                          "timedOut": false,
                          "duration": 0,
                          "state": "passed",
                          "speed": "fast",
                          "pass": true,
                          "fail": false,
                          "pending": false,
                          "context": null,
                          "code": "chai_1.expect(calc.getIncrementValue()).that.is.eql({ 'curr': result, 'total': result * calc.getFactor() });",
                          "err": {},
                          "uuid": "22e4e102-c286-40aa-90a6-5fd1fd45c4fd",
                          "parentUUID": "afb17684-bcfa-4c53-8c69-ff9c12050fb6",
                          "isHook": false,
                          "skipped": false
                        },
[...]
                              "err": {},
                              "uuid": "6216cbd4-cf12-4978-be7b-0c15e509301b",
                              "parentUUID": "6e3ff3c8-b601-4aa6-b450-982724148d49",
                              "isHook": false,
                              "skipped": false
                            },
                            {
                              "title": "2: set to 10 expected: 10",
                              "fullTitle": "Quantity Calculator Test 8: factor = 1 case,inv = Color ,min = Fix Test 10: factor = 1 case = Fix inv,min = Color CASE 1: factor = 1 inv = 8 case = 2 min = 3 3: set tests: 2: set to 10 expected: 10",
                              "timedOut": false,
                              "duration": 0,
                              "state": "passed",
                              "speed": "fast",
                              "pass": true,
                              "fail": false,
                              "pending": false,
                              "context": null,
                              "code": "chai_1.expect(calc.setVal(input)).that.is.eql({ 'curr': result, 'total': result * calc.getFactor() });",
                              "err": {},
                              "uuid": "41ad0599-dc37-4aa8-be75-f8423bd81e0f",
                              "parentUUID": "6e3ff3c8-b601-4aa6-b450-982724148d49",
                              "isHook": false,
                              "skipped": false
                            },
                            {
                              "title": "3: set to 1 expected: 2",
                              "fullTitle": "Quantity Calculator Test 8: factor = 1 case,inv = Color ,min = Fix Test 10: factor = 1 case = Fix inv,min = Color CASE 1: factor = 1 inv = 8 case = 2 min = 3 3: set tests: 3: set to 1 expected: 2",
                              "timedOut": false,
                              "duration": 0,
                              "state": "passed",
                              "speed": "fast",
                              "pass": true,
                              "fail": false,
                              "pending": false,
                              "context": null,
                              "code": "chai_1.expect(calc.setVal(input)).that.is.eql({ 'curr': result, 'total': result * calc.getFactor() });",
                              "err": {},
                              "uuid": "49a92111-e696-44b2-879d-efceb1843214",
                              "parentUUID": "6e3ff3c8-b601-4aa6-b450-982724148d49",
                              "isHook": false,
                              "skipped": false
                            },
                            {
                              "title": "4: set to to 3 expected: 4",
                              "fullTitle": "Quantity Calculator Test 8: factor = 1 case,inv = Color ,min = Fix Test 10: factor = 1 case = Fix inv,min = Color CASE 1: factor = 1 inv = 8 case = 2 min = 3 3: set tests: 4: set to to 3 expected: 4",
                              "timedOut": false,
                              "duration": 0,
                              "state": "passed",
                              "speed": "fast",
                              "pass": true,
                              "fail": false,
                              "pending": false,
                              "context": null,
                              "code": "chai_1.expect(calc.setVal(input)).that.is.eql({ 'curr': result, 'total': result * calc.getFactor() });",
                              "err": {},
                              "uuid": "4a6f0d82-7fbb-44c3-96d5-81e648bea3f6",
                              "parentUUID": "6e3ff3c8-b601-4aa6-b450-982724148d49",
                              "isHook": false,
                              "skipped": false
                            }
                          ],
                          "suites": [],
                          "passes": [
                            "6216cbd4-cf12-4978-be7b-0c15e509301b",
                            "41ad0599-dc37-4aa8-be75-f8423bd81e0f",
                            "49a92111-e696-44b2-879d-efceb1843214",
                            "4a6f0d82-7fbb-44c3-96d5-81e648bea3f6"
                          ],
                          "failures": [],
                          "pending": [],
                          "skipped": [],
                          "duration": 0,
                          "root": false,
                          "rootEmpty": false,
                          "_timeout": 2000
                        },
                        {
                          "uuid": "1a83aba8-699f-4cf4-afee-9691fd84d8b3",
                          "title": "4: combine tests inc,set,dec:",
                          "fullFile": "C:\\uom_editor\\uom\\cpi-side\\quanitity-calculator.spec.ts",
                          "file": "\\quanitity-calculator.spec.ts",
                          "beforeHooks": [],
                          "afterHooks": [],
                          "tests": [
                            {
                              "title": "1: set to 9 expected: 10",
                              "fullTitle": "Quantity Calculator Test 8: factor = 1 case,inv = Color ,min = Fix Test 10: factor = 1 case = Fix inv,min = Color CASE 1: factor = 1 inv = 8 case = 2 min = 3 4: combine tests inc,set,dec: 1: set to 9 expected: 10",
                              "timedOut": false,
                              "duration": 0,
                              "state": "passed",
                              "speed": "fast",
                              "pass": true,
                              "fail": false,
                              "pending": false,
                              "context": null,
                              "code": "chai_1.expect(calc.setVal(input)).that.is.eql({ 'curr': result, 'total': result * calc.getFactor() });",
                              "err": {},
                              "uuid": "66b1bcf1-7e39-4048-8ac3-76967a569de1",
                              "parentUUID": "1a83aba8-699f-4cf4-afee-9691fd84d8b3",
                              "isHook": false,
                              "skipped": false
                            },
                            {
                              "title": "2: dec expected: 8 ",
                              "fullTitle": "Quantity Calculator Test 8: factor = 1 case,inv = Color ,min = Fix Test 10: factor = 1 case = Fix inv,min = Color CASE 1: factor = 1 inv = 8 case = 2 min = 3 4: combine tests inc,set,dec: 2: dec expected: 8 ",
                              "timedOut": false,
                              "duration": 0,
                              "state": "passed",
                              "speed": "fast",
                              "pass": true,
                              "fail": false,
                              "pending": false,
                              "context": null,
                              "code": "chai_1.expect(calc.getDecrementValue()).is.eql({ 'curr': result, 'total': result * calc.getFactor() });",
                              "err": {},
                              "uuid": "ee625754-80ff-4cb4-9ec7-c65d8fc1ba35",
                              "parentUUID": "1a83aba8-699f-4cf4-afee-9691fd84d8b3",
                              "isHook": false,
                              "skipped": false
                            },
                            {
                              "title": "3: inc expected: 8",
                              "fullTitle": "Quantity Calculator Test 8: factor = 1 case,inv = Color ,min = Fix Test 10: factor = 1 case = Fix inv,min = Color CASE 1: factor = 1 inv = 8 case = 2 min = 3 4: combine tests inc,set,dec: 3: inc expected: 8",
                              "timedOut": false,
                              "duration": 0,
                              "state": "passed",
                              "speed": "fast",
                              "pass": true,
                              "fail": false,
                              "pending": false,
                              "context": null,
                              "code": "chai_1.expect(calc.getIncrementValue()).that.is.eql({ 'curr': result, 'total': result * calc.getFactor() });",
                              "err": {},
                              "uuid": "ed7823ce-1f87-4280-9276-be8282821779",
                              "parentUUID": "1a83aba8-699f-4cf4-afee-9691fd84d8b3",
                              "isHook": false,
                              "skipped": false
                            },
                            {
                              "title": "4: set to to 3 expected: 4",
                              "fullTitle": "Quantity Calculator Test 8: factor = 1 case,inv = Color ,min = Fix Test 10: factor = 1 case = Fix inv,min = Color CASE 1: factor = 1 inv = 8 case = 2 min = 3 4: combine tests inc,set,dec: 4: set to to 3 expected: 4",
                              "timedOut": false,
                              "duration": 0,
                              "state": "passed",
                              "speed": "fast",
                              "pass": true,
                              "fail": false,
                              "pending": false,
                              "context": null,
                              "code": "chai_1.expect(calc.setVal(input)).that.is.eql({ 'curr': result, 'total': result * calc.getFactor() });",
                              "err": {},
                              "uuid": "1dfa494e-275d-4d0b-8d51-87e4a95ce05b",
                              "parentUUID": "1a83aba8-699f-4cf4-afee-9691fd84d8b3",
                              "isHook": false,
                              "skipped": false
                            },
                            {
                              "title": "5: dec expected: 0 ",
                              "fullTitle": "Quantity Calculator Test 8: factor = 1 case,inv = Color ,min = Fix Test 10: factor = 1 case = Fix inv,min = Color CASE 1: factor = 1 inv = 8 case = 2 min = 3 4: combine tests inc,set,dec: 5: dec expected: 0 ",
                              "timedOut": false,
                              "duration": 0,
                              "state": "passed",
                              "speed": "fast",
                              "pass": true,
                              "fail": false,
                              "pending": false,
                              "context": null,
                              "code": "chai_1.expect(calc.getDecrementValue()).is.eql({ 'curr': result, 'total': result * calc.getFactor() });",
                              "err": {},
                              "uuid": "d730f3a3-ec63-4e3a-92d1-871119d78bc0",
                              "parentUUID": "1a83aba8-699f-4cf4-afee-9691fd84d8b3",
                              "isHook": false,
                              "skipped": false
                            },
                            {
                              "title": "6: inc expected: 4",
                              "fullTitle": "Quantity Calculator Test 8: factor = 1 case,inv = Color ,min = Fix Test 10: factor = 1 case = Fix inv,min = Color CASE 1: factor = 1 inv = 8 case = 2 min = 3 4: combine tests inc,set,dec: 6: inc expected: 4",
                              "timedOut": false,
                              "duration": 0,
                              "state": "passed",
                              "speed": "fast",
                              "pass": true,
                              "fail": false,
                              "pending": false,
                              "context": null,
                              "code": "chai_1.expect(calc.getIncrementValue()).that.is.eql({ 'curr': result, 'total': result * calc.getFactor() });",
                              "err": {},
                              "uuid": "d7564c65-8d88-496d-8567-65ea555d2fb0",
                              "parentUUID": "1a83aba8-699f-4cf4-afee-9691fd84d8b3",
                              "isHook": false,
                              "skipped": false
                            },
                            {
                              "title": "7: set to to 51 expected: 52",
                              "fullTitle": "Quantity Calculator Test 8: factor = 1 case,inv = Color ,min = Fix Test 10: factor = 1 case = Fix inv,min = Color CASE 1: factor = 1 inv = 8 case = 2 min = 3 4: combine tests inc,set,dec: 7: set to to 51 expected: 52",
                              "timedOut": false,
                              "duration": 0,
                              "state": "passed",
                              "speed": "fast",
                              "pass": true,
                              "fail": false,
                              "pending": false,
                              "context": null,
                              "code": "chai_1.expect(calc.setVal(input)).that.is.eql({ 'curr': result, 'total': result * calc.getFactor() });",
                              "err": {},
                              "uuid": "45d193b1-02ec-49a1-9af3-99323b315094",
                              "parentUUID": "1a83aba8-699f-4cf4-afee-9691fd84d8b3",
                              "isHook": false,
                              "skipped": false
                            },
                            {
                              "title": "8: inc expected: 52",
                              "fullTitle": "Quantity Calculator Test 8: factor = 1 case,inv = Color ,min = Fix Test 10: factor = 1 case = Fix inv,min = Color CASE 1: factor = 1 inv = 8 case = 2 min = 3 4: combine tests inc,set,dec: 8: inc expected: 52",
                              "timedOut": false,
                              "duration": 0,
                              "state": "passed",
                              "speed": "fast",
                              "pass": true,
                              "fail": false,
                              "pending": false,
                              "context": null,
                              "code": "chai_1.expect(calc.getIncrementValue()).that.is.eql({ 'curr': result, 'total': result * calc.getFactor() });",
                              "err": {},
                              "uuid": "6ba418b0-8ebb-42a7-bf08-4a77194e51de",
                              "parentUUID": "1a83aba8-699f-4cf4-afee-9691fd84d8b3",
                              "isHook": false,
                              "skipped": false
                            },
                            {
                              "title": "5: dec expected: 8 ",
                              "fullTitle": "Quantity Calculator Test 8: factor = 1 case,inv = Color ,min = Fix Test 10: factor = 1 case = Fix inv,min = Color CASE 1: factor = 1 inv = 8 case = 2 min = 3 4: combine tests inc,set,dec: 5: dec expected: 8 ",
                              "timedOut": false,
                              "duration": 0,
                              "state": "passed",
                              "speed": "fast",
                              "pass": true,
                              "fail": false,
                              "pending": false,
                              "context": null,
                              "code": "chai_1.expect(calc.getDecrementValue()).is.eql({ 'curr': result, 'total': result * calc.getFactor() });",
                              "err": {},
                              "uuid": "5c23b1ec-a743-4cd6-b22d-d9eccd276d9f",
                              "parentUUID": "1a83aba8-699f-4cf4-afee-9691fd84d8b3",
                              "isHook": false,
                              "skipped": false
                            },
                            {
                              "title": "7: set to to -1 expected: 0",
                              "fullTitle": "Quantity Calculator Test 8: factor = 1 case,inv = Color ,min = Fix Test 10: factor = 1 case = Fix inv,min = Color CASE 1: factor = 1 inv = 8 case = 2 min = 3 4: combine tests inc,set,dec: 7: set to to -1 expected: 0",
                              "timedOut": false,
                              "duration": 0,
                              "state": "passed",
                              "speed": "fast",
                              "pass": true,
                              "fail": false,
                              "pending": false,
                              "context": null,
                              "code": "chai_1.expect(calc.setVal(input)).that.is.eql({ 'curr': result, 'total': result * calc.getFactor() });",
                              "err": {},
                              "uuid": "c4daa88a-64e1-42e9-8c99-814c8163fcf3",
                              "parentUUID": "1a83aba8-699f-4cf4-afee-9691fd84d8b3",
                              "isHook": false,
                              "skipped": false
                            }
                          ],
                          "suites": [],
                          "passes": [
                            "66b1bcf1-7e39-4048-8ac3-76967a569de1",
                            "ee625754-80ff-4cb4-9ec7-c65d8fc1ba35",
                            "ed7823ce-1f87-4280-9276-be8282821779",
                            "1dfa494e-275d-4d0b-8d51-87e4a95ce05b",
                            "d730f3a3-ec63-4e3a-92d1-871119d78bc0",
                            "d7564c65-8d88-496d-8567-65ea555d2fb0",
                            "45d193b1-02ec-49a1-9af3-99323b315094",
                            "6ba418b0-8ebb-42a7-bf08-4a77194e51de",
                            "5c23b1ec-a743-4cd6-b22d-d9eccd276d9f",
                            "c4daa88a-64e1-42e9-8c99-814c8163fcf3"
                          ],
                          "failures": [],
                          "pending": [],
                          "skipped": [],
                          "duration": 0,
                          "root": false,
                          "rootEmpty": false,
                          "_timeout": 2000
                        }
                      ],
                      "passes": [],
                      "failures": [],
                      "pending": [],
                      "skipped": [],
                      "duration": 0,
                      "root": false,
                      "rootEmpty": false,
                      "_timeout": 2000
                    }
                  ],
                  "passes": [],
                  "failures": [],
                  "pending": [],
                  "skipped": [],
                  "duration": 0,
                  "root": false,
                  "rootEmpty": false,
                  "_timeout": 2000
                }
              ],
              "passes": [],
              "failures": [],
              "pending": [],
              "skipped": [],
              "duration": 0,
              "root": false,
              "rootEmpty": false,
              "_timeout": 2000
            }
          ],
          "passes": [],
          "failures": [],
          "pending": [],
          "skipped": [],
          "duration": 0,
          "root": false,
          "rootEmpty": false,
          "_timeout": 2000
        }
      ],
      "passes": [],
      "failures": [],
      "pending": [],
      "skipped": [],
      "duration": 0,
      "root": true,
      "rootEmpty": true,
      "_timeout": 2000
    }
  ],
  "meta": {
    "mocha": {
      "version": "9.0.3"
    },
    "mochawesome": {
      "options": {
        "quiet": false,
        "reportFilename": "mochawesome",
        "saveHtml": true,
        "saveJson": true,
        "consoleReporter": "spec",
        "useInlineDiffs": false,
        "code": true
      },
      "version": "6.2.2"
    },
    "marge": {
      "options": null,
      "version": "5.2.0"
    }
  }
}