{
  "stats": {
    "suites": 76,
    "tests": 398,
    "passes": 398,
    "pending": 0,
    "failures": 0,
    "start": "2021-08-05T07:24:42.383Z",
    "end": "2021-08-05T07:24:42.735Z",
    "duration": 352,
    "testsRegistered": 398,
    "passPercent": 100,
    "pendingPercent": 0,
    "other": 0,
    "hasOther": false,
    "skipped": 0,
    "hasSkipped": false
  },
  "results": [
    {
      "uuid": "9d8a2ddb-d21a-4366-8a3b-036959c687f0",
      "title": "",
      "fullFile": "",
      "file": "",
      "beforeHooks": [],
      "afterHooks": [],
      "tests": [],
      "suites": [
        {
          "uuid": "66b2a6db-49aa-4714-a14f-ea028ca017c5",
          "title": "Quantity Calculator",
          "fullFile": "C:\\uom_editor\\uom\\cpi-side\\quanitity-calculator.spec.ts",
          "file": "\\quanitity-calculator.spec.ts",
          "beforeHooks": [],
          "afterHooks": [],
          "tests": [],
          "suites": [
            {
              "uuid": "20d3f40f-9143-439a-80ca-01ba80a9a23b",
              "title": "Test 1: Inv= fix, Case = fix, Min = fix",
              "fullFile": "C:\\uom_editor\\uom\\cpi-side\\quanitity-calculator.spec.ts",
              "file": "\\quanitity-calculator.spec.ts",
              "beforeHooks": [],
              "afterHooks": [],
              "tests": [],
              "suites": [
                {
                  "uuid": "de1bdafd-4fe0-4290-8af1-31a378ab8379",
                  "title": "CASE 1: default inc,dec,set with inv = 10 case,factor = 1, min = 0",
                  "fullFile": "C:\\uom_editor\\uom\\cpi-side\\quanitity-calculator.spec.ts",
                  "file": "\\quanitity-calculator.spec.ts",
                  "beforeHooks": [],
                  "afterHooks": [],
                  "tests": [],
                  "suites": [
                    {
                      "uuid": "cc9309f1-d878-4155-9d39-bdc981070412",
                      "title": "1: inc tests:",
                      "fullFile": "C:\\uom_editor\\uom\\cpi-side\\quanitity-calculator.spec.ts",
                      "file": "\\quanitity-calculator.spec.ts",
                      "beforeHooks": [],
                      "afterHooks": [],
                      "tests": [
                        {
                          "title": "1: inc should go up from 0 to 1",
                          "fullTitle": "Quantity Calculator Test 1: Inv= fix, Case = fix, Min = fix CASE 1: default inc,dec,set with inv = 10 case,factor = 1, min = 0 1: inc tests: 1: inc should go up from 0 to 1",
                          "timedOut": false,
                          "duration": 2,
                          "state": "passed",
                          "speed": "fast",
                          "pass": true,
                          "fail": false,
                          "pending": false,
                          "context": null,
                          "code": "chai_1.expect(calc.getIncrementValue()).that.is.eql({ 'curr': result, 'total': result * calc.getFactor() });",
                          "err": {},
                          "uuid": "88b2998e-2fdd-435c-a621-a0e4373b0577",
                          "parentUUID": "cc9309f1-d878-4155-9d39-bdc981070412",
                          "isHook": false,
                          "skipped": false
                        },
                        {
                          "title": "2: inc should go up from 1 to 2",
                          "fullTitle": "Quantity Calculator Test 1: Inv= fix, Case = fix, Min = fix CASE 1: default inc,dec,set with inv = 10 case,factor = 1, min = 0 1: inc tests: 2: inc should go up from 1 to 2",
                          "timedOut": false,
                          "duration": 0,
                          "state": "passed",
                          "speed": "fast",
                          "pass": true,
                          "fail": false,
                          "pending": false,
                          "context": null,
                          "code": "chai_1.expect(calc.getIncrementValue()).that.is.eql({ 'curr': result, 'total': result * calc.getFactor() });",
                          "err": {},
                          "uuid": "b50b07a2-08dd-426e-881d-2ef38a8cf4ed",
                          "parentUUID": "cc9309f1-d878-4155-9d39-bdc981070412",
                          "isHook": false,
                          "skipped": false
                        },
                        {
                          "title": "3: inc should go up from 2 to 3",
                          "fullTitle": "Quantity Calculator Test 1: Inv= fix, Case = fix, Min = fix CASE 1: default inc,dec,set with inv = 10 case,factor = 1, min = 0 1: inc tests: 3: inc should go up from 2 to 3",
                          "timedOut": false,
                          "duration": 0,
                          "state": "passed",
                          "speed": "fast",
                          "pass": true,
                          "fail": false,
                          "pending": false,
                          "context": null,
                          "code": "chai_1.expect(calc.getIncrementValue()).that.is.eql({ 'curr': result, 'total': result * calc.getFactor() });",
                          "err": {},
                          "uuid": "cce8d74c-e3b2-4c31-9f79-705c923f19b9",
                          "parentUUID": "cc9309f1-d878-4155-9d39-bdc981070412",
                          "isHook": false,
                          "skipped": false
                        },
                        {
                          "title": "4: inc should go up from 3 to 4",
                          "fullTitle": "Quantity Calculator Test 1: Inv= fix, Case = fix, Min = fix CASE 1: default inc,dec,set with inv = 10 case,factor = 1, min = 0 1: inc tests: 4: inc should go up from 3 to 4",
                          "timedOut": false,
                          "duration": 0,
                          "state": "passed",
                          "speed": "fast",
                          "pass": true,
                          "fail": false,
                          "pending": false,
                          "context": null,
                          "code": "chai_1.expect(calc.getIncrementValue()).that.is.eql({ 'curr': result, 'total': result * calc.getFactor() });",
                          "err": {},
                          "uuid": "f1096699-e129-4165-b615-3e8070cf8740",
                          "parentUUID": "cc9309f1-d878-4155-9d39-bdc981070412",
                          "isHook": false,
                          "skipped": false
                        },
                        {
                          "title": "5: inc should go up from 4 to 5",
                          "fullTitle": "Quantity Calculator Test 1: Inv= fix, Case = fix, Min = fix CASE 1: default inc,dec,set with inv = 10 case,factor = 1, min = 0 1: inc tests: 5: inc should go up from 4 to 5",
                          "timedOut": false,
                          "duration": 1,
                          "state": "passed",
                          "speed": "fast",
                          "pass": true,
                          "fail": false,
                          "pending": false,
                          "context": null,
                          "code": "chai_1.expect(calc.getIncrementValue()).that.is.eql({ 'curr': result, 'total': result * calc.getFactor() });",
                          "err": {},
                          "uuid": "481e0a7b-a81f-4c6b-878a-27788414884d",
                          "parentUUID": "cc9309f1-d878-4155-9d39-bdc981070412",
                          "isHook": false,
                          "skipped": false
                        },
                        {
                          "title": "6: inc should go up from 5 to 6",
                          "fullTitle": "Quantity Calculator Test 1: Inv= fix, Case = fix, Min = fix CASE 1: default inc,dec,set with inv = 10 case,factor = 1, min = 0 1: inc tests: 6: inc should go up from 5 to 6",
                          "timedOut": false,
                          "duration": 0,
                          "state": "passed",
                          "speed": "fast",
                          "pass": true,
                          "fail": false,
                          "pending": false,
                          "context": null,
                          "code": "chai_1.expect(calc.getIncrementValue()).that.is.eql({ 'curr': result, 'total': result * calc.getFactor() });",
                          "err": {},
                          "uuid": "e82a6341-a49c-4107-a5ca-e009eab41636",
                          "parentUUID": "cc9309f1-d878-4155-9d39-bdc981070412",
                          "isHook": false,
                          "skipped": false
                        },
                        {
                          "title": "7: inc should go up from 6 to 7",
                          "fullTitle": "Quantity Calculator Test 1: Inv= fix, Case = fix, Min = fix CASE 1: default inc,dec,set with inv = 10 case,factor = 1, min = 0 1: inc tests: 7: inc should go up from 6 to 7",
                          "timedOut": false,
                          "duration": 0,
                          "state": "passed",
                          "speed": "fast",
                          "pass": true,
                          "fail": false,
                          "pending": false,
                          "context": null,
                          "code": "chai_1.expect(calc.getIncrementValue()).that.is.eql({ 'curr': result, 'total': result * calc.getFactor() });",
                          "err": {},
                          "uuid": "399ad78b-32d8-4f6f-91a2-b27447b18e47",
                          "parentUUID": "cc9309f1-d878-4155-9d39-bdc981070412",
                          "isHook": false,
                          "skipped": false
                        },
                        {
                          "title": "8: inc should go up from 7 to 8",
                          "fullTitle": "Quantity Calculator Test 1: Inv= fix, Case = fix, Min = fix CASE 1: default inc,dec,set with inv = 10 case,factor = 1, min = 0 1: inc tests: 8: inc should go up from 7 to 8",
                          "timedOut": false,
                          "duration": 0,
                          "state": "passed",
                          "speed": "fast",
                          "pass": true,
                          "fail": false,
                          "pending": false,
                          "context": null,
                          "code": "chai_1.expect(calc.getIncrementValue()).that.is.eql({ 'curr': result, 'total': result * calc.getFactor() });",
                          "err": {},
                          "uuid": "37f5bf52-710e-4141-8ead-55f788044a4e",
                          "parentUUID": "cc9309f1-d878-4155-9d39-bdc981070412",
                          "isHook": false,
                          "skipped": false
                        },
                        {
                          "title": "9: inc should go up from 8 to 9",
                          "fullTitle": "Quantity Calculator Test 1: Inv= fix, Case = fix, Min = fix CASE 1: default inc,dec,set with inv = 10 case,factor = 1, min = 0 1: inc tests: 9: inc should go up from 8 to 9",
                          "timedOut": false,
                          "duration": 0,
                          "state": "passed",
                          "speed": "fast",
                          "pass": true,
                          "fail": false,
                          "pending": false,
                          "context": null,
                          "code": "chai_1.expect(calc.getIncrementValue()).that.is.eql({ 'curr': result, 'total': result * calc.getFactor() });",
                          "err": {},
                          "uuid": "1bda2944-8880-48ce-b6d1-6b68437ef360",
                          "parentUUID": "cc9309f1-d878-4155-9d39-bdc981070412",
                          "isHook": false,
                          "skipped": false
                        },
                        {
                          "title": "10: inc should go up from 9 to 10",
                          "fullTitle": "Quantity Calculator Test 1: Inv= fix, Case = fix, Min = fix CASE 1: default inc,dec,set with inv = 10 case,factor = 1, min = 0 1: inc tests: 10: inc should go up from 9 to 10",
                          "timedOut": false,
                          "duration": 0,
                          "state": "passed",
                          "speed": "fast",
                          "pass": true,
                          "fail": false,
                          "pending": false,
                          "context": null,
                          "code": "chai_1.expect(calc.getIncrementValue()).that.is.eql({ 'curr': result, 'total': result * calc.getFactor() });",
                          "err": {},
                          "uuid": "62dd60e4-75d6-4314-a80f-7d7e218f587e",
                          "parentUUID": "cc9309f1-d878-4155-9d39-bdc981070412",
                          "isHook": false,
                          "skipped": false
                        },
                        {
                          "title": "11: inc should stay on 10",
                          "fullTitle": "Quantity Calculator Test 1: Inv= fix, Case = fix, Min = fix CASE 1: default inc,dec,set with inv = 10 case,factor = 1, min = 0 1: inc tests: 11: inc should stay on 10",
                          "timedOut": false,
                          "duration": 1,
                          "state": "passed",
                          "speed": "fast",
                          "pass": true,
                          "fail": false,
                          "pending": false,
                          "context": null,
                          "code": "chai_1.expect(calc.getIncrementValue()).that.is.eql({ 'curr': result, 'total': result * calc.getFactor() });",
                          "err": {},
                          "uuid": "7b61b680-dbec-4b0d-aba7-59b9a6621411",
                          "parentUUID": "cc9309f1-d878-4155-9d39-bdc981070412",
                          "isHook": false,
                          "skipped": false
                        }
                      ],
                      "suites": [],
                      "passes": [
                        "88b2998e-2fdd-435c-a621-a0e4373b0577",
                        "b50b07a2-08dd-426e-881d-2ef38a8cf4ed",
                        "cce8d74c-e3b2-4c31-9f79-705c923f19b9",
                        "f1096699-e129-4165-b615-3e8070cf8740",
                        "481e0a7b-a81f-4c6b-878a-27788414884d",
                        "e82a6341-a49c-4107-a5ca-e009eab41636",
                        "399ad78b-32d8-4f6f-91a2-b27447b18e47",
                        "37f5bf52-710e-4141-8ead-55f788044a4e",
                        "1bda2944-8880-48ce-b6d1-6b68437ef360",
                        "62dd60e4-75d6-4314-a80f-7d7e218f587e",
                        "7b61b680-dbec-4b0d-aba7-59b9a6621411"
                      ],
                      "failures": [],
                      "pending": [],
                      "skipped": [],
                      "duration": 4,
                      "root": false,
                      "rootEmpty": false,
                      "_timeout": 2000
                    },
                    {
                      "uuid": "33909a24-aa88-4b55-b5da-014c7441e71f",
                      "title": "2: dec tests:",
                      "fullFile": "C:\\uom_editor\\uom\\cpi-side\\quanitity-calculator.spec.ts",
                      "file": "\\quanitity-calculator.spec.ts",
                      "beforeHooks": [],
                      "afterHooks": [],
                      "tests": [
                        {
                          "title": "1: dec should go down from 10 to 9",
                          "fullTitle": "Quantity Calculator Test 1: Inv= fix, Case = fix, Min = fix CASE 1: default inc,dec,set with inv = 10 case,factor = 1, min = 0 2: dec tests: 1: dec should go down from 10 to 9",
                          "timedOut": false,
                          "duration": 1,
                          "state": "passed",
                          "speed": "fast",
                          "pass": true,
                          "fail": false,
                          "pending": false,
                          "context": null,
                          "code": "chai_1.expect(calc.getDecrementValue()).is.eql({ 'curr': result, 'total': result * calc.getFactor() });",
                          "err": {},
                          "uuid": "e841806c-194e-4789-805f-c98582b514a4",
                          "parentUUID": "33909a24-aa88-4b55-b5da-014c7441e71f",
                          "isHook": false,
                          "skipped": false
                        },
                        {
                          "title": "2: dec should go down from 9 to 8",
                          "fullTitle": "Quantity Calculator Test 1: Inv= fix, Case = fix, Min = fix CASE 1: default inc,dec,set with inv = 10 case,factor = 1, min = 0 2: dec tests: 2: dec should go down from 9 to 8",
                          "timedOut": false,
                          "duration": 0,
                          "state": "passed",
                          "speed": "fast",
                          "pass": true,
                          "fail": false,
                          "pending": false,
                          "context": null,
                          "code": "chai_1.expect(calc.getDecrementValue()).is.eql({ 'curr': result, 'total': result * calc.getFactor() });",
                          "err": {},
                          "uuid": "75a9e305-8d0e-4319-9a2c-4855d1676245",
                          "parentUUID": "33909a24-aa88-4b55-b5da-014c7441e71f",
                          "isHook": false,
                          "skipped": false
                        },
                        {
                          "title": "3: dec should go down from 8 to 7",
                          "fullTitle": "Quantity Calculator Test 1: Inv= fix, Case = fix, Min = fix CASE 1: default inc,dec,set with inv = 10 case,factor = 1, min = 0 2: dec tests: 3: dec should go down from 8 to 7",
                          "timedOut": false,
                          "duration": 0,
                          "state": "passed",
                          "speed": "fast",
                          "pass": true,
                          "fail": false,
                          "pending": false,
                          "context": null,
                          "code": "chai_1.expect(calc.getDecrementValue()).is.eql({ 'curr': result, 'total': result * calc.getFactor() });",
                          "err": {},
                          "uuid": "82d0ee2e-aca5-489b-8474-5fb457dff2ca",
                          "parentUUID": "33909a24-aa88-4b55-b5da-014c7441e71f",
                          "isHook": false,
                          "skipped": false
                        },
                        {
                          "title": "4: dec should go down from 7 to 6",
                          "fullTitle": "Quantity Calculator Test 1: Inv= fix, Case = fix, Min = fix CASE 1: default inc,dec,set with inv = 10 case,factor = 1, min = 0 2: dec tests: 4: dec should go down from 7 to 6",
                          "timedOut": false,
                          "duration": 0,
                          "state": "passed",
                          "speed": "fast",
                          "pass": true,
                          "fail": false,
                          "pending": false,
                          "context": null,
                          "code": "chai_1.expect(calc.getDecrementValue()).is.eql({ 'curr': result, 'total': result * calc.getFactor() });",
                          "err": {},
                          "uuid": "db056613-d80d-40ae-9b4c-3d895f03aa6e",
                          "parentUUID": "33909a24-aa88-4b55-b5da-014c7441e71f",
                          "isHook": false,
                          "skipped": false
                        },
                        {
                          "title": "5: dec should go down from 6 to 5",
                          "fullTitle": "Quantity Calculator Test 1: Inv= fix, Case = fix, Min = fix CASE 1: default inc,dec,set with inv = 10 case,factor = 1, min = 0 2: dec tests: 5: dec should go down from 6 to 5",
                          "timedOut": false,
                          "duration": 1,
                          "state": "passed",
                          "speed": "fast",
                          "pass": true,
                          "fail": false,
                          "pending": false,
                          "context": null,
                          "code": "chai_1.expect(calc.getDecrementValue()).is.eql({ 'curr': result, 'total': result * calc.getFactor() });",
                          "err": {},
                          "uuid": "984dd3cf-d09b-47de-b62e-6c27da593a9b",
                          "parentUUID": "33909a24-aa88-4b55-b5da-014c7441e71f",
                          "isHook": false,
                          "skipped": false
                        },
                        {
                          "title": "6: dec should go down from 5 to 4",
                          "fullTitle": "Quantity Calculator Test 1: Inv= fix, Case = fix, Min = fix CASE 1: default inc,dec,set with inv = 10 case,factor = 1, min = 0 2: dec tests: 6: dec should go down from 5 to 4",
                          "timedOut": false,
                          "duration": 0,
                          "state": "passed",
                          "speed": "fast",
                          "pass": true,
                          "fail": false,
                          "pending": false,
                          "context": null,
                          "code": "chai_1.expect(calc.getDecrementValue()).is.eql({ 'curr': result, 'total': result * calc.getFactor() });",
                          "err": {},
                          "uuid": "e9541302-3c9b-4236-93ff-b843bd10fd92",
                          "parentUUID": "33909a24-aa88-4b55-b5da-014c7441e71f",
                          "isHook": false,
                          "skipped": false
                        },
                        {
                          "title": "7: dec should go down from 4 to 3",
                          "fullTitle": "Quantity Calculator Test 1: Inv= fix, Case = fix, Min = fix CASE 1: default inc,dec,set with inv = 10 case,factor = 1, min = 0 2: dec tests: 7: dec should go down from 4 to 3",
                          "timedOut": false,
                          "duration": 0,
                          "state": "passed",
                          "speed": "fast",
                          "pass": true,
                          "fail": false,
                          "pending": false,
                          "context": null,
                          "code": "chai_1.expect(calc.getDecrementValue()).is.eql({ 'curr': result, 'total': result * calc.getFactor() });",
                          "err": {},
                          "uuid": "2d8d4678-5395-4f7c-8eea-e12aa1e04f9b",
                          "parentUUID": "33909a24-aa88-4b55-b5da-014c7441e71f",
                          "isHook": false,
                          "skipped": false
                        },
                        {
                          "title": "8: dec should go down from 3 to 2",
                          "fullTitle": "Quantity Calculator Test 1: Inv= fix, Case = fix, Min = fix CASE 1: default inc,dec,set with inv = 10 case,factor = 1, min = 0 2: dec tests: 8: dec should go down from 3 to 2",
                          "timedOut": false,
                          "duration": 1,
                          "state": "passed",
                          "speed": "fast",
                          "pass": true,
                          "fail": false,
                          "pending": false,
                          "context": null,
                          "code": "chai_1.expect(calc.getDecrementValue()).is.eql({ 'curr': result, 'total': result * calc.getFactor() });",
                          "err": {},
                          "uuid": "69cd15f5-b5c0-4d15-a043-eb41bc096f92",
                          "parentUUID": "33909a24-aa88-4b55-b5da-014c7441e71f",
                          "isHook": false,
                          "skipped": false
                        },
                        {
                          "title": "9: dec should go down from 2 to 1",
                          "fullTitle": "Quantity Calculator Test 1: Inv= fix, Case = fix, Min = fix CASE 1: default inc,dec,set with inv = 10 case,factor = 1, min = 0 2: dec tests: 9: dec should go down from 2 to 1",
                          "timedOut": false,
                          "duration": 0,
                          "state": "passed",
                          "speed": "fast",
                          "pass": true,
                          "fail": false,
                          "pending": false,
                          "context": null,
                          "code": "chai_1.expect(calc.getDecrementValue()).is.eql({ 'curr': result, 'total': result * calc.getFactor() });",
                          "err": {},
                          "uuid": "54d01ffd-6bb6-4752-a7ff-bd3b4f049291",
                          "parentUUID": "33909a24-aa88-4b55-b5da-014c7441e71f",
                          "isHook": false,
                          "skipped": false
                        },
                        {
                          "title": "10: dec should go down from 1 to 0",
                          "fullTitle": "Quantity Calculator Test 1: Inv= fix, Case = fix, Min = fix CASE 1: default inc,dec,set with inv = 10 case,factor = 1, min = 0 2: dec tests: 10: dec should go down from 1 to 0",
                          "timedOut": false,
                          "duration": 0,
                          "state": "passed",
                          "speed": "fast",
                          "pass": true,
                          "fail": false,
                          "pending": false,
                          "context": null,
                          "code": "chai_1.expect(calc.getDecrementValue()).is.eql({ 'curr': result, 'total': result * calc.getFactor() });",
                          "err": {},
                          "uuid": "e177da61-c9f8-450e-9fea-fc7925744acb",
                          "parentUUID": "33909a24-aa88-4b55-b5da-014c7441e71f",
                          "isHook": false,
                          "skipped": false
                        },
                        {
                          "title": "11: dec should stay on 0",
                          "fullTitle": "Quantity Calculator Test 1: Inv= fix, Case = fix, Min = fix CASE 1: default inc,dec,set with inv = 10 case,factor = 1, min = 0 2: dec tests: 11: dec should stay on 0",
                          "timedOut": false,
                          "duration": 1,
                          "state": "passed",
                          "speed": "fast",
                          "pass": true,
                          "fail": false,
                          "pending": false,
                          "context": null,
                          "code": "chai_1.expect(calc.getDecrementValue()).is.eql({ 'curr': result, 'total': result * calc.getFactor() });",
                          "err": {},
                          "uuid": "50637477-2174-4b93-a5c5-1385e92049d4",
                          "parentUUID": "33909a24-aa88-4b55-b5da-014c7441e71f",
                          "isHook": false,
                          "skipped": false
                        }
                      ],
                      "suites": [],
                      "passes": [
                        "e841806c-194e-4789-805f-c98582b514a4",
                        "75a9e305-8d0e-4319-9a2c-4855d1676245",
                        "82d0ee2e-aca5-489b-8474-5fb457dff2ca",
                        "db056613-d80d-40ae-9b4c-3d895f03aa6e",
                        "984dd3cf-d09b-47de-b62e-6c27da593a9b",
                        "e9541302-3c9b-4236-93ff-b843bd10fd92",
                        "2d8d4678-5395-4f7c-8eea-e12aa1e04f9b",
                        "69cd15f5-b5c0-4d15-a043-eb41bc096f92",
                        "54d01ffd-6bb6-4752-a7ff-bd3b4f049291",
                        "e177da61-c9f8-450e-9fea-fc7925744acb",
                        "50637477-2174-4b93-a5c5-1385e92049d4"
                      ],
                      "failures": [],
                      "pending": [],
                      "skipped": [],
                      "duration": 4,
                      "root": false,
                      "rootEmpty": false,
                      "_timeout": 2000
                    },
                    {
                      "uuid": "d8b5e97a-c3a0-4980-af88-8b48492b0dfd",
                      "title": "3: set tests:",
                      "fullFile": "C:\\uom_editor\\uom\\cpi-side\\quanitity-calculator.spec.ts",
                      "file": "\\quanitity-calculator.spec.ts",
                      "beforeHooks": [],
                      "afterHooks": [],
                      "tests": [
                        {
                          "title": "1: set to 0",
                          "fullTitle": "Quantity Calculator Test 1: Inv= fix, Case = fix, Min = fix CASE 1: default inc,dec,set with inv = 10 case,factor = 1, min = 0 3: set tests: 1: set to 0",
                          "timedOut": false,
                          "duration": 0,
                          "state": "passed",
                          "speed": "fast",
                          "pass": true,
                          "fail": false,
                          "pending": false,
                          "context": null,
                          "code": "chai_1.expect(calc.setVal(input)).that.is.eql({ 'curr': result, 'total': result * calc.getFactor() });",
                          "err": {},
                          "uuid": "3b4f3013-e311-4779-8c65-21c753f7d614",
                          "parentUUID": "d8b5e97a-c3a0-4980-af88-8b48492b0dfd",
                          "isHook": false,
                          "skipped": false
                        },
                        {
                          "title": "2: set to 10",
                          "fullTitle": "Quantity Calculator Test 1: Inv= fix, Case = fix, Min = fix CASE 1: default inc,dec,set with inv = 10 case,factor = 1, min = 0 3: set tests: 2: set to 10",
                          "timedOut": false,
                          "duration": 0,
                          "state": "passed",
                          "speed": "fast",
                          "pass": true,
                          "fail": false,
                          "pending": false,
                          "context": null,
                          "code": "chai_1.expect(calc.setVal(input)).that.is.eql({ 'curr': result, 'total': result * calc.getFactor() });",
                          "err": {},
                          "uuid": "f7a9cfc5-f79d-4a6a-92aa-8571e908a20c",
                          "parentUUID": "d8b5e97a-c3a0-4980-af88-8b48492b0dfd",
                          "isHook": false,
                          "skipped": false
                        },
                        {
                          "title": "3: set to 5",
                          "fullTitle": "Quantity Calculator Test 1: Inv= fix, Case = fix, Min = fix CASE 1: default inc,dec,set with inv = 10 case,factor = 1, min = 0 3: set tests: 3: set to 5",
                          "timedOut": false,
                          "duration": 0,
                          "state": "passed",
                          "speed": "fast",
                          "pass": true,
                          "fail": false,
                          "pending": false,
                          "context": null,
                          "code": "chai_1.expect(calc.setVal(input)).that.is.eql({ 'curr': result, 'total': result * calc.getFactor() });",
                          "err": {},
                          "uuid": "df572091-d385-47d7-9948-88fc9fa1c469",
                          "parentUUID": "d8b5e97a-c3a0-4980-af88-8b48492b0dfd",
                          "isHook": false,
                          "skipped": false
                        },
                        {
                          "title": "4: set to 11 should set 10",
                          "fullTitle": "Quantity Calculator Test 1: Inv= fix, Case = fix, Min = fix CASE 1: default inc,dec,set with inv = 10 case,factor = 1, min = 0 3: set tests: 4: set to 11 should set 10",
                          "timedOut": false,
                          "duration": 1,
                          "state": "passed",
                          "speed": "fast",
                          "pass": true,
                          "fail": false,
                          "pending": false,
                          "context": null,
                          "code": "chai_1.expect(calc.setVal(input)).that.is.eql({ 'curr': result, 'total': result * calc.getFactor() });",
                          "err": {},
                          "uuid": "e5d96dcd-7d0d-4bd1-8f19-864013578f6c",
                          "parentUUID": "d8b5e97a-c3a0-4980-af88-8b48492b0dfd",
                          "isHook": false,
                          "skipped": false
                        },
                        {
                          "title": "5: set to -1 should set 0",
                          "fullTitle": "Quantity Calculator Test 1: Inv= fix, Case = fix, Min = fix CASE 1: default inc,dec,set with inv = 10 case,factor = 1, min = 0 3: set tests: 5: set to -1 should set 0",
                          "timedOut": false,
                          "duration": 0,
                          "state": "passed",
                          "speed": "fast",
                          "pass": true,
                          "fail": false,
                          "pending": false,
                          "context": null,
                          "code": "chai_1.expect(calc.setVal(input)).that.is.eql({ 'curr': result, 'total': result * calc.getFactor() });",
                          "err": {},
                          "uuid": "48830967-235b-4d7f-bf7c-851e5e942984",
                          "parentUUID": "d8b5e97a-c3a0-4980-af88-8b48492b0dfd",
                          "isHook": false,
                          "skipped": false
                        },
                        {
                          "title": "6: set to 999 should set to 10 ",
                          "fullTitle": "Quantity Calculator Test 1: Inv= fix, Case = fix, Min = fix CASE 1: default inc,dec,set with inv = 10 case,factor = 1, min = 0 3: set tests: 6: set to 999 should set to 10 ",
                          "timedOut": false,
                          "duration": 0,
                          "state": "passed",
                          "speed": "fast",
                          "pass": true,
                          "fail": false,
                          "pending": false,
                          "context": null,
                          "code": "chai_1.expect(calc.setVal(input)).that.is.eql({ 'curr': result, 'total': result * calc.getFactor() });",
                          "err": {},
                          "uuid": "44c6cce1-f38c-49c7-849b-d5188c4371ec",
                          "parentUUID": "d8b5e97a-c3a0-4980-af88-8b48492b0dfd",
                          "isHook": false,
                          "skipped": false
                        },
                        {
                          "title": "6: set to 10 should set to 10 ",
                          "fullTitle": "Quantity Calculator Test 1: Inv= fix, Case = fix, Min = fix CASE 1: default inc,dec,set with inv = 10 case,factor = 1, min = 0 3: set tests: 6: set to 10 should set to 10 ",
                          "timedOut": false,
                          "duration": 0,
                          "state": "passed",
                          "speed": "fast",
                          "pass": true,
                          "fail": false,
                          "pending": false,
                          "context": null,
                          "code": "chai_1.expect(calc.setVal(input)).that.is.eql({ 'curr': result, 'total': result * calc.getFactor() });",
                          "err": {},
                          "uuid": "1f40ff67-116d-4bfd-ba1e-a7ae5d7ff175",
                          "parentUUID": "d8b5e97a-c3a0-4980-af88-8b48492b0dfd",
                          "isHook": false,
                          "skipped": false
                        }
                      ],
                      "suites": [],
                      "passes": [
                        "3b4f3013-e311-4779-8c65-21c753f7d614",
                        "f7a9cfc5-f79d-4a6a-92aa-8571e908a20c",
                        "df572091-d385-47d7-9948-88fc9fa1c469",
                        "e5d96dcd-7d0d-4bd1-8f19-864013578f6c",
                        "48830967-235b-4d7f-bf7c-851e5e942984",
                        "44c6cce1-f38c-49c7-849b-d5188c4371ec",
                        "1f40ff67-116d-4bfd-ba1e-a7ae5d7ff175"
                      ],
                      "failures": [],
                      "pending": [],
                      "skipped": [],
                      "duration": 1,
                      "root": false,
                      "rootEmpty": false,
                      "_timeout": 2000
                    },
                    {
                      "uuid": "57ff81fa-0a66-43bb-8961-69ab5eb04263",
                      "title": "4: set inc dec cobination:",
                      "fullFile": "C:\\uom_editor\\uom\\cpi-side\\quanitity-calculator.spec.ts",
                      "file": "\\quanitity-calculator.spec.ts",
                      "beforeHooks": [],
                      "afterHooks": [],
                      "tests": [
                        {
                          "title": "1: set to 0",
                          "fullTitle": "Quantity Calculator Test 1: Inv= fix, Case = fix, Min = fix CASE 1: default inc,dec,set with inv = 10 case,factor = 1, min = 0 4: set inc dec cobination: 1: set to 0",
                          "timedOut": false,
                          "duration": 0,
                          "state": "passed",
                          "speed": "fast",
                          "pass": true,
                          "fail": false,
                          "pending": false,
                          "context": null,
                          "code": "chai_1.expect(calc.setVal(input)).that.is.eql({ 'curr': result, 'total': result * calc.getFactor() });",
                          "err": {},
                          "uuid": "311d8e03-14d2-4af4-8716-94940420b3aa",
                          "parentUUID": "57ff81fa-0a66-43bb-8961-69ab5eb04263",
                          "isHook": false,
                          "skipped": false
                        },
                        {
                          "title": "2: inc should go up to 1",
                          "fullTitle": "Quantity Calculator Test 1: Inv= fix, Case = fix, Min = fix CASE 1: default inc,dec,set with inv = 10 case,factor = 1, min = 0 4: set inc dec cobination: 2: inc should go up to 1",
                          "timedOut": false,
                          "duration": 0,
                          "state": "passed",
                          "speed": "fast",
                          "pass": true,
                          "fail": false,
                          "pending": false,
                          "context": null,
                          "code": "chai_1.expect(calc.getIncrementValue()).that.is.eql({ 'curr': result, 'total': result * calc.getFactor() });",
                          "err": {},
                          "uuid": "499071d4-de61-4df5-8d23-b8d36c97e312",
                          "parentUUID": "57ff81fa-0a66-43bb-8961-69ab5eb04263",
                          "isHook": false,
                          "skipped": false
                        },
                        {
                          "title": "3: dec should go down to 0",
                          "fullTitle": "Quantity Calculator Test 1: Inv= fix, Case = fix, Min = fix CASE 1: default inc,dec,set with inv = 10 case,factor = 1, min = 0 4: set inc dec cobination: 3: dec should go down to 0",
                          "timedOut": false,
                          "duration": 0,
                          "state": "passed",
                          "speed": "fast",
                          "pass": true,
                          "fail": false,
                          "pending": false,
                          "context": null,
                          "code": "chai_1.expect(calc.getDecrementValue()).is.eql({ 'curr': result, 'total': result * calc.getFactor() });",
                          "err": {},
                          "uuid": "4ddf1155-4ae0-4928-b026-c092e947db4e",
                          "parentUUID": "57ff81fa-0a66-43bb-8961-69ab5eb04263",
                          "isHook": false,
                          "skipped": false
                        },
                        {
                          "title": "4: dec should stay on 0",
                          "fullTitle": "Quantity Calculator Test 1: Inv= fix, Case = fix, Min = fix CASE 1: default inc,dec,set with inv = 10 case,factor = 1, min = 0 4: set inc dec cobination: 4: dec should stay on 0",
                          "timedOut": false,
                          "duration": 0,
                          "state": "passed",
                          "speed": "fast",
                          "pass": true,
                          "fail": false,
                          "pending": false,
                          "context": null,
                          "code": "chai_1.expect(calc.getDecrementValue()).is.eql({ 'curr': result, 'total': result * calc.getFactor() });",
                          "err": {},
                          "uuid": "aa34f7c3-a4ee-42fd-952d-46383628881a",
                          "parentUUID": "57ff81fa-0a66-43bb-8961-69ab5eb04263",
                          "isHook": false,
                          "skipped": false
                        },
                        {
                          "title": "5: set to 9 should set 9",
                          "fullTitle": "Quantity Calculator Test 1: Inv= fix, Case = fix, Min = fix CASE 1: default inc,dec,set with inv = 10 case,factor = 1, min = 0 4: set inc dec cobination: 5: set to 9 should set 9",
                          "timedOut": false,
                          "duration": 0,
                          "state": "passed",
                          "speed": "fast",
                          "pass": true,
                          "fail": false,
                          "pending": false,
                          "context": null,
                          "code": "chai_1.expect(calc.setVal(input)).that.is.eql({ 'curr': result, 'total': result * calc.getFactor() });",
                          "err": {},
                          "uuid": "cbd6de62-737c-4eef-b7ad-5da299bc9318",
                          "parentUUID": "57ff81fa-0a66-43bb-8961-69ab5eb04263",
                          "isHook": false,
                          "skipped": false
                        },
                        {
                          "title": "6: inc should go to 10 ",
                          "fullTitle": "Quantity Calculator Test 1: Inv= fix, Case = fix, Min = fix CASE 1: default inc,dec,set with inv = 10 case,factor = 1, min = 0 4: set inc dec cobination: 6: inc should go to 10 ",
                          "timedOut": false,
                          "duration": 0,
                          "state": "passed",
                          "speed": "fast",
                          "pass": true,
                          "fail": false,
                          "pending": false,
                          "context": null,
                          "code": "chai_1.expect(calc.getIncrementValue()).that.is.eql({ 'curr': result, 'total': result * calc.getFactor() });",
                          "err": {},
                          "uuid": "bd89aeb7-e00c-45bc-83b0-645450be1ce3",
                          "parentUUID": "57ff81fa-0a66-43bb-8961-69ab5eb04263",
                          "isHook": false,
                          "skipped": false
                        },
                        {
                          "title": "6: set to 999 should set to 10 ",
                          "fullTitle": "Quantity Calculator Test 1: Inv= fix, Case = fix, Min = fix CASE 1: default inc,dec,set with inv = 10 case,factor = 1, min = 0 4: set inc dec cobination: 6: set to 999 should set to 10 ",
                          "timedOut": false,
                          "duration": 0,
                          "state": "passed",
                          "speed": "fast",
                          "pass": true,
                          "fail": false,
                          "pending": false,
                          "context": null,
                          "code": "chai_1.expect(calc.setVal(input)).that.is.eql({ 'curr': result, 'total': result * calc.getFactor() });",
                          "err": {},
                          "uuid": "cfdb82ba-cff8-43c2-a98f-7592e35ad855",
                          "parentUUID": "57ff81fa-0a66-43bb-8961-69ab5eb04263",
                          "isHook": false,
                          "skipped": false
                        },
                        {
                          "title": "6: inc should stay on 10 ",
                          "fullTitle": "Quantity Calculator Test 1: Inv= fix, Case = fix, Min = fix CASE 1: default inc,dec,set with inv = 10 case,factor = 1, min = 0 4: set inc dec cobination: 6: inc should stay on 10 ",
                          "timedOut": false,
                          "duration": 0,
                          "state": "passed",
                          "speed": "fast",
                          "pass": true,
                          "fail": false,
                          "pending": false,
                          "context": null,
                          "code": "chai_1.expect(calc.getIncrementValue()).that.is.eql({ 'curr': result, 'total': result * calc.getFactor() });",
                          "err": {},
                          "uuid": "5eb638d6-5763-4833-bdc7-361f95833ce9",
                          "parentUUID": "57ff81fa-0a66-43bb-8961-69ab5eb04263",
                          "isHook": false,
                          "skipped": false
                        }
                      ],
                      "suites": [],
                      "passes": [
                        "311d8e03-14d2-4af4-8716-94940420b3aa",
                        "499071d4-de61-4df5-8d23-b8d36c97e312",
                        "4ddf1155-4ae0-4928-b026-c092e947db4e",
                        "aa34f7c3-a4ee-42fd-952d-46383628881a",
                        "cbd6de62-737c-4eef-b7ad-5da299bc9318",
                        "bd89aeb7-e00c-45bc-83b0-645450be1ce3",
                        "cfdb82ba-cff8-43c2-a98f-7592e35ad855",
                        "5eb638d6-5763-4833-bdc7-361f95833ce9"
                      ],
                      "failures": [],
                      "pending": [],
                      "skipped": [],
                      "duration": 0,
                      "root": false,
                      "rootEmpty": false,
                      "_timeout": 2000
                    }
                  ],
                  "passes": [],
                  "failures": [],
                  "pending": [],
                  "skipped": [],
                  "duration": 0,
                  "root": false,
                  "rootEmpty": false,
                  "_timeout": 2000
                },
                {
                  "uuid": "9f41486f-3128-4d7b-af30-4144321ace47",
                  "title": "CASE 2: min%case != 0  inv = 10 case = 2 factor = 1, min = 3",
                  "fullFile": "C:\\uom_editor\\uom\\cpi-side\\quanitity-calculator.spec.ts",
                  "file": "\\quanitity-calculator.spec.ts",
                  "beforeHooks": [],
                  "afterHooks": [],
                  "tests": [],
                  "suites": [
                    {
                      "uuid": "57b8f464-946f-42cb-9bec-44af5aeabb76",
                      "title": "1: inc tests:",
                      "fullFile": "C:\\uom_editor\\uom\\cpi-side\\quanitity-calculator.spec.ts",
                      "file": "\\quanitity-calculator.spec.ts",
                      "beforeHooks": [],
                      "afterHooks": [],
                      "tests": [
                        {
                          "title": "1: inc should go up from 0 to 4",
                          "fullTitle": "Quantity Calculator Test 1: Inv= fix, Case = fix, Min = fix CASE 2: min%case != 0  inv = 10 case = 2 factor = 1, min = 3 1: inc tests: 1: inc should go up from 0 to 4",
                          "timedOut": false,
                          "duration": 0,
                          "state": "passed",
                          "speed": "fast",
                          "pass": true,
                          "fail": false,
                          "pending": false,
                          "context": null,
                          "code": "chai_1.expect(calc.getIncrementValue()).that.is.eql({ 'curr': result, 'total': result * calc.getFactor() });",
                          "err": {},
                          "uuid": "506e4a10-0f92-45bf-b6f1-c3f1ccfabc20",
                          "parentUUID": "57b8f464-946f-42cb-9bec-44af5aeabb76",
                          "isHook": false,
                          "skipped": false
                        },
                        {
                          "title": "2: inc should go up from 4 to 6",
                          "fullTitle": "Quantity Calculator Test 1: Inv= fix, Case = fix, Min = fix CASE 2: min%case != 0  inv = 10 case = 2 factor = 1, min = 3 1: inc tests: 2: inc should go up from 4 to 6",
                          "timedOut": false,
                          "duration": 0,
                          "state": "passed",
                          "speed": "fast",
                          "pass": true,
                          "fail": false,
                          "pending": false,
                          "context": null,
                          "code": "chai_1.expect(calc.getIncrementValue()).that.is.eql({ 'curr': result, 'total': result * calc.getFactor() });",
                          "err": {},
                          "uuid": "63c2c789-9ab7-4544-a290-d7642172edc4",
                          "parentUUID": "57b8f464-946f-42cb-9bec-44af5aeabb76",
                          "isHook": false,
                          "skipped": false
                        },
                        {
                          "title": "3: inc should go up from 6 to 8",
                          "fullTitle": "Quantity Calculator Test 1: Inv= fix, Case = fix, Min = fix CASE 2: min%case != 0  inv = 10 case = 2 factor = 1, min = 3 1: inc tests: 3: inc should go up from 6 to 8",
                          "timedOut": false,
                          "duration": 1,
                          "state": "passed",
                          "speed": "fast",
                          "pass": true,
                          "fail": false,
                          "pending": false,
                          "context": null,
                          "code": "chai_1.expect(calc.getIncrementValue()).that.is.eql({ 'curr': result, 'total': result * calc.getFactor() });",
                          "err": {},
                          "uuid": "9461e6ab-cef4-468f-b55c-330e07691f01",
                          "parentUUID": "57b8f464-946f-42cb-9bec-44af5aeabb76",
                          "isHook": false,
                          "skipped": false
                        },
                        {
                          "title": "4: inc should go up from 8 to 10",
                          "fullTitle": "Quantity Calculator Test 1: Inv= fix, Case = fix, Min = fix CASE 2: min%case != 0  inv = 10 case = 2 factor = 1, min = 3 1: inc tests: 4: inc should go up from 8 to 10",
                          "timedOut": false,
                          "duration": 0,
                          "state": "passed",
                          "speed": "fast",
                          "pass": true,
                          "fail": false,
                          "pending": false,
                          "context": null,
                          "code": "chai_1.expect(calc.getIncrementValue()).that.is.eql({ 'curr': result, 'total': result * calc.getFactor() });",
                          "err": {},
                          "uuid": "190ef0bb-67a7-4d73-a067-80994321fd65",
                          "parentUUID": "57b8f464-946f-42cb-9bec-44af5aeabb76",
                          "isHook": false,
                          "skipped": false
                        },
                        {
                          "title": "5: inc should stay on 10",
                          "fullTitle": "Quantity Calculator Test 1: Inv= fix, Case = fix, Min = fix CASE 2: min%case != 0  inv = 10 case = 2 factor = 1, min = 3 1: inc tests: 5: inc should stay on 10",
                          "timedOut": false,
                          "duration": 0,
                          "state": "passed",
                          "speed": "fast",
                          "pass": true,
                          "fail": false,
                          "pending": false,
                          "context": null,
                          "code": "chai_1.expect(calc.getIncrementValue()).that.is.eql({ 'curr': result, 'total': result * calc.getFactor() });",
                          "err": {},
                          "uuid": "c162eabd-0abb-48a5-9d83-1bb09457f20a",
                          "parentUUID": "57b8f464-946f-42cb-9bec-44af5aeabb76",
                          "isHook": false,
                          "skipped": false
                        }
                      ],
                      "suites": [],
                      "passes": [
                        "506e4a10-0f92-45bf-b6f1-c3f1ccfabc20",
                        "63c2c789-9ab7-4544-a290-d7642172edc4",
                        "9461e6ab-cef4-468f-b55c-330e07691f01",
                        "190ef0bb-67a7-4d73-a067-80994321fd65",
                        "c162eabd-0abb-48a5-9d83-1bb09457f20a"
                      ],
                      "failures": [],
                      "pending": [],
                      "skipped": [],
                      "duration": 1,
                      "root": false,
                      "rootEmpty": false,
                      "_timeout": 2000
                    },
                    {
                      "uuid": "f9eb4b4f-ecf2-4cf3-a2be-97e33534ec9d",
                      "title": "2: dec tests:",
                      "fullFile": "C:\\uom_editor\\uom\\cpi-side\\quanitity-calculator.spec.ts",
                      "file": "\\quanitity-calculator.spec.ts",
                      "beforeHooks": [],
                      "afterHooks": [],
                      "tests": [
                        {
                          "title": "1: dec should go down from 10 to 8",
                          "fullTitle": "Quantity Calculator Test 1: Inv= fix, Case = fix, Min = fix CASE 2: min%case != 0  inv = 10 case = 2 factor = 1, min = 3 2: dec tests: 1: dec should go down from 10 to 8",
                          "timedOut": false,
                          "duration": 0,
                          "state": "passed",
                          "speed": "fast",
                          "pass": true,
                          "fail": false,
                          "pending": false,
                          "context": null,
                          "code": "chai_1.expect(calc.getDecrementValue()).is.eql({ 'curr': result, 'total': result * calc.getFactor() });",
                          "err": {},
                          "uuid": "e8daefd3-a48a-4e4a-9e76-4e2f917c34c2",
                          "parentUUID": "f9eb4b4f-ecf2-4cf3-a2be-97e33534ec9d",
                          "isHook": false,
                          "skipped": false
                        },
                        {
                          "title": "2: dec should go down from 8 to 6",
                          "fullTitle": "Quantity Calculator Test 1: Inv= fix, Case = fix, Min = fix CASE 2: min%case != 0  inv = 10 case = 2 factor = 1, min = 3 2: dec tests: 2: dec should go down from 8 to 6",
                          "timedOut": false,
                          "duration": 0,
                          "state": "passed",
                          "speed": "fast",
                          "pass": true,
                          "fail": false,
                          "pending": false,
                          "context": null,
                          "code": "chai_1.expect(calc.getDecrementValue()).is.eql({ 'curr': result, 'total': result * calc.getFactor() });",
                          "err": {},
                          "uuid": "e64a47a2-bb7a-4891-a180-c5b1f666c1ac",
                          "parentUUID": "f9eb4b4f-ecf2-4cf3-a2be-97e33534ec9d",
                          "isHook": false,
                          "skipped": false
                        },
                        {
                          "title": "3: dec should go down from 6 to 4",
                          "fullTitle": "Quantity Calculator Test 1: Inv= fix, Case = fix, Min = fix CASE 2: min%case != 0  inv = 10 case = 2 factor = 1, min = 3 2: dec tests: 3: dec should go down from 6 to 4",
                          "timedOut": false,
                          "duration": 0,
                          "state": "passed",
                          "speed": "fast",
                          "pass": true,
                          "fail": false,
                          "pending": false,
                          "context": null,
                          "code": "chai_1.expect(calc.getDecrementValue()).is.eql({ 'curr': result, 'total': result * calc.getFactor() });",
                          "err": {},
                          "uuid": "3b9cbc6d-46f2-450c-ae95-0d017d7af36e",
                          "parentUUID": "f9eb4b4f-ecf2-4cf3-a2be-97e33534ec9d",
                          "isHook": false,
                          "skipped": false
                        },
                        {
                          "title": "4: dec should go down from 4 to 0",
                          "fullTitle": "Quantity Calculator Test 1: Inv= fix, Case = fix, Min = fix CASE 2: min%case != 0  inv = 10 case = 2 factor = 1, min = 3 2: dec tests: 4: dec should go down from 4 to 0",
                          "timedOut": false,
                          "duration": 0,
                          "state": "passed",
                          "speed": "fast",
                          "pass": true,
                          "fail": false,
                          "pending": false,
                          "context": null,
                          "code": "chai_1.expect(calc.getDecrementValue()).is.eql({ 'curr': result, 'total': result * calc.getFactor() });",
                          "err": {},
                          "uuid": "9baf9b1b-31d1-4cea-a769-cb14f959f5b1",
                          "parentUUID": "f9eb4b4f-ecf2-4cf3-a2be-97e33534ec9d",
                          "isHook": false,
                          "skipped": false
                        },
                        {
                          "title": "5: dec should stay on 0",
                          "fullTitle": "Quantity Calculator Test 1: Inv= fix, Case = fix, Min = fix CASE 2: min%case != 0  inv = 10 case = 2 factor = 1, min = 3 2: dec tests: 5: dec should stay on 0",
                          "timedOut": false,
                          "duration": 0,
                          "state": "passed",
                          "speed": "fast",
                          "pass": true,
                          "fail": false,
                          "pending": false,
                          "context": null,
                          "code": "chai_1.expect(calc.getDecrementValue()).is.eql({ 'curr': result, 'total': result * calc.getFactor() });",
                          "err": {},
                          "uuid": "109df4f6-b371-4c49-8a1c-2b875ffed9e4",
                          "parentUUID": "f9eb4b4f-ecf2-4cf3-a2be-97e33534ec9d",
                          "isHook": false,
                          "skipped": false
                        }
                      ],
                      "suites": [],
                      "passes": [
                        "e8daefd3-a48a-4e4a-9e76-4e2f917c34c2",
                        "e64a47a2-bb7a-4891-a180-c5b1f666c1ac",
                        "3b9cbc6d-46f2-450c-ae95-0d017d7af36e",
                        "9baf9b1b-31d1-4cea-a769-cb14f959f5b1",
                        "109df4f6-b371-4c49-8a1c-2b875ffed9e4"
                      ],
                      "failures": [],
                      "pending": [],
                      "skipped": [],
                      "duration": 0,
                      "root": false,
                      "rootEmpty": false,
                      "_timeout": 2000
                    },
                    {
                      "uuid": "bf385b5a-a928-4df9-b898-e4f74e0bb43c",
                      "title": "3: set tests:",
                      "fullFile": "C:\\uom_editor\\uom\\cpi-side\\quanitity-calculator.spec.ts",
                      "file": "\\quanitity-calculator.spec.ts",
                      "beforeHooks": [],
                      "afterHooks": [],
                      "tests": [
                        {
                          "title": "1: set to 0",
                          "fullTitle": "Quantity Calculator Test 1: Inv= fix, Case = fix, Min = fix CASE 2: min%case != 0  inv = 10 case = 2 factor = 1, min = 3 3: set tests: 1: set to 0",
                          "timedOut": false,
                          "duration": 0,
                          "state": "passed",
                          "speed": "fast",
                          "pass": true,
                          "fail": false,
                          "pending": false,
                          "context": null,
                          "code": "chai_1.expect(calc.setVal(input)).that.is.eql({ 'curr': result, 'total': result * calc.getFactor() });",
                          "err": {},
                          "uuid": "51bae03a-8ebb-41e0-8452-772ff26438df",
                          "parentUUID": "bf385b5a-a928-4df9-b898-e4f74e0bb43c",
                          "isHook": false,
                          "skipped": false
                        },
                        {
                          "title": "2: set to 10",
                          "fullTitle": "Quantity Calculator Test 1: Inv= fix, Case = fix, Min = fix CASE 2: min%case != 0  inv = 10 case = 2 factor = 1, min = 3 3: set tests: 2: set to 10",
                          "timedOut": false,
                          "duration": 0,
                          "state": "passed",
                          "speed": "fast",
                          "pass": true,
                          "fail": false,
                          "pending": false,
                          "context": null,
                          "code": "chai_1.expect(calc.setVal(input)).that.is.eql({ 'curr': result, 'total': result * calc.getFactor() });",
                          "err": {},
                          "uuid": "210395c3-8072-4446-8c94-d7d7d2effbcf",
                          "parentUUID": "bf385b5a-a928-4df9-b898-e4f74e0bb43c",
                          "isHook": false,
                          "skipped": false
                        },
                        {
                          "title": "3: set to 5 need to set to 6",
                          "fullTitle": "Quantity Calculator Test 1: Inv= fix, Case = fix, Min = fix CASE 2: min%case != 0  inv = 10 case = 2 factor = 1, min = 3 3: set tests: 3: set to 5 need to set to 6",
                          "timedOut": false,
                          "duration": 1,
                          "state": "passed",
                          "speed": "fast",
                          "pass": true,
                          "fail": false,
                          "pending": false,
                          "context": null,
                          "code": "chai_1.expect(calc.setVal(input)).that.is.eql({ 'curr': result, 'total': result * calc.getFactor() });",
                          "err": {},
                          "uuid": "7000c0e9-281b-43db-b931-67eebffa4aa5",
                          "parentUUID": "bf385b5a-a928-4df9-b898-e4f74e0bb43c",
                          "isHook": false,
                          "skipped": false
                        },
                        {
                          "title": "4: set to 11 should set 10",
                          "fullTitle": "Quantity Calculator Test 1: Inv= fix, Case = fix, Min = fix CASE 2: min%case != 0  inv = 10 case = 2 factor = 1, min = 3 3: set tests: 4: set to 11 should set 10",
                          "timedOut": false,
                          "duration": 0,
                          "state": "passed",
                          "speed": "fast",
                          "pass": true,
                          "fail": false,
                          "pending": false,
                          "context": null,
                          "code": "chai_1.expect(calc.setVal(input)).that.is.eql({ 'curr': result, 'total': result * calc.getFactor() });",
                          "err": {},
                          "uuid": "fa693555-aa69-4403-9169-c633ec990679",
                          "parentUUID": "bf385b5a-a928-4df9-b898-e4f74e0bb43c",
                          "isHook": false,
                          "skipped": false
                        },
                        {
                          "title": "5: set to -1 should set 0",
                          "fullTitle": "Quantity Calculator Test 1: Inv= fix, Case = fix, Min = fix CASE 2: min%case != 0  inv = 10 case = 2 factor = 1, min = 3 3: set tests: 5: set to -1 should set 0",
                          "timedOut": false,
                          "duration": 0,
                          "state": "passed",
                          "speed": "fast",
                          "pass": true,
                          "fail": false,
                          "pending": false,
                          "context": null,
                          "code": "chai_1.expect(calc.setVal(input)).that.is.eql({ 'curr': result, 'total': result * calc.getFactor() });",
                          "err": {},
                          "uuid": "f1c5f9f7-493a-4429-9d99-370655827261",
                          "parentUUID": "bf385b5a-a928-4df9-b898-e4f74e0bb43c",
                          "isHook": false,
                          "skipped": false
                        },
                        {
                          "title": "6: set to 999 should set to 10 ",
                          "fullTitle": "Quantity Calculator Test 1: Inv= fix, Case = fix, Min = fix CASE 2: min%case != 0  inv = 10 case = 2 factor = 1, min = 3 3: set tests: 6: set to 999 should set to 10 ",
                          "timedOut": false,
                          "duration": 1,
                          "state": "passed",
                          "speed": "fast",
                          "pass": true,
                          "fail": false,
                          "pending": false,
                          "context": null,
                          "code": "chai_1.expect(calc.setVal(input)).that.is.eql({ 'curr': result, 'total': result * calc.getFactor() });",
                          "err": {},
                          "uuid": "65c69693-9526-491d-a003-1b5521bf984c",
                          "parentUUID": "bf385b5a-a928-4df9-b898-e4f74e0bb43c",
                          "isHook": false,
                          "skipped": false
                        },
                        {
                          "title": "6: set to 1 should set to 4 ",
                          "fullTitle": "Quantity Calculator Test 1: Inv= fix, Case = fix, Min = fix CASE 2: min%case != 0  inv = 10 case = 2 factor = 1, min = 3 3: set tests: 6: set to 1 should set to 4 ",
                          "timedOut": false,
                          "duration": 0,
                          "state": "passed",
                          "speed": "fast",
                          "pass": true,
                          "fail": false,
                          "pending": false,
                          "context": null,
                          "code": "chai_1.expect(calc.setVal(input)).that.is.eql({ 'curr': result, 'total': result * calc.getFactor() });",
                          "err": {},
                          "uuid": "c230581b-da09-4f40-bd56-452e4c8dfa16",
                          "parentUUID": "bf385b5a-a928-4df9-b898-e4f74e0bb43c",
                          "isHook": false,
                          "skipped": false
                        }
                      ],
                      "suites": [],
                      "passes": [
                        "51bae03a-8ebb-41e0-8452-772ff26438df",
                        "210395c3-8072-4446-8c94-d7d7d2effbcf",
                        "7000c0e9-281b-43db-b931-67eebffa4aa5",
                        "fa693555-aa69-4403-9169-c633ec990679",
                        "f1c5f9f7-493a-4429-9d99-370655827261",
                        "65c69693-9526-491d-a003-1b5521bf984c",
                        "c230581b-da09-4f40-bd56-452e4c8dfa16"
                      ],
                      "failures": [],
                      "pending": [],
                      "skipped": [],
                      "duration": 2,
                      "root": false,
                      "rootEmpty": false,
                      "_timeout": 2000
                    },
                    {
                      "uuid": "dbcfb41c-7448-48dd-9424-920d7584d347",
                      "title": "4: set inc dec cobination:",
                      "fullFile": "C:\\uom_editor\\uom\\cpi-side\\quanitity-calculator.spec.ts",
                      "file": "\\quanitity-calculator.spec.ts",
                      "beforeHooks": [],
                      "afterHooks": [],
                      "tests": [
                        {
                          "title": "1: set to 0",
                          "fullTitle": "Quantity Calculator Test 1: Inv= fix, Case = fix, Min = fix CASE 2: min%case != 0  inv = 10 case = 2 factor = 1, min = 3 4: set inc dec cobination: 1: set to 0",
                          "timedOut": false,
                          "duration": 0,
                          "state": "passed",
                          "speed": "fast",
                          "pass": true,
                          "fail": false,
                          "pending": false,
                          "context": null,
                          "code": "chai_1.expect(calc.setVal(input)).that.is.eql({ 'curr': result, 'total': result * calc.getFactor() });",
                          "err": {},
                          "uuid": "584e227f-3384-49cb-a2be-59a6aa8ecc8c",
                          "parentUUID": "dbcfb41c-7448-48dd-9424-920d7584d347",
                          "isHook": false,
                          "skipped": false
                        },
                        {
                          "title": "2: inc should go up to 4",
                          "fullTitle": "Quantity Calculator Test 1: Inv= fix, Case = fix, Min = fix CASE 2: min%case != 0  inv = 10 case = 2 factor = 1, min = 3 4: set inc dec cobination: 2: inc should go up to 4",
                          "timedOut": false,
                          "duration": 0,
                          "state": "passed",
                          "speed": "fast",
                          "pass": true,
                          "fail": false,
                          "pending": false,
                          "context": null,
                          "code": "chai_1.expect(calc.getIncrementValue()).that.is.eql({ 'curr': result, 'total': result * calc.getFactor() });",
                          "err": {},
                          "uuid": "ee0f1587-9c35-4875-aa72-acafd3437ce1",
                          "parentUUID": "dbcfb41c-7448-48dd-9424-920d7584d347",
                          "isHook": false,
                          "skipped": false
                        },
                        {
                          "title": "3: dec should go down to 0",
                          "fullTitle": "Quantity Calculator Test 1: Inv= fix, Case = fix, Min = fix CASE 2: min%case != 0  inv = 10 case = 2 factor = 1, min = 3 4: set inc dec cobination: 3: dec should go down to 0",
                          "timedOut": false,
                          "duration": 0,
                          "state": "passed",
                          "speed": "fast",
                          "pass": true,
                          "fail": false,
                          "pending": false,
                          "context": null,
                          "code": "chai_1.expect(calc.getDecrementValue()).is.eql({ 'curr': result, 'total': result * calc.getFactor() });",
                          "err": {},
                          "uuid": "119e035e-f871-461d-a13d-8eda9ed0f9af",
                          "parentUUID": "dbcfb41c-7448-48dd-9424-920d7584d347",
                          "isHook": false,
                          "skipped": false
                        },
                        {
                          "title": "4: dec should stay on 0",
                          "fullTitle": "Quantity Calculator Test 1: Inv= fix, Case = fix, Min = fix CASE 2: min%case != 0  inv = 10 case = 2 factor = 1, min = 3 4: set inc dec cobination: 4: dec should stay on 0",
                          "timedOut": false,
                          "duration": 0,
                          "state": "passed",
                          "speed": "fast",
                          "pass": true,
                          "fail": false,
                          "pending": false,
                          "context": null,
                          "code": "chai_1.expect(calc.getDecrementValue()).is.eql({ 'curr': result, 'total': result * calc.getFactor() });",
                          "err": {},
                          "uuid": "7da30df1-afc1-48b4-9a55-3734f4f3682d",
                          "parentUUID": "dbcfb41c-7448-48dd-9424-920d7584d347",
                          "isHook": false,
                          "skipped": false
                        },
                        {
                          "title": "5: set to 9 should set 10",
                          "fullTitle": "Quantity Calculator Test 1: Inv= fix, Case = fix, Min = fix CASE 2: min%case != 0  inv = 10 case = 2 factor = 1, min = 3 4: set inc dec cobination: 5: set to 9 should set 10",
                          "timedOut": false,
                          "duration": 0,
                          "state": "passed",
                          "speed": "fast",
                          "pass": true,
                          "fail": false,
                          "pending": false,
                          "context": null,
                          "code": "chai_1.expect(calc.setVal(input)).that.is.eql({ 'curr': result, 'total': result * calc.getFactor() });",
                          "err": {},
                          "uuid": "a418ee02-8a63-428e-8cfb-80331f33821e",
                          "parentUUID": "dbcfb41c-7448-48dd-9424-920d7584d347",
                          "isHook": false,
                          "skipped": false
                        },
                        {
                          "title": "6: inc should stay on 10 ",
                          "fullTitle": "Quantity Calculator Test 1: Inv= fix, Case = fix, Min = fix CASE 2: min%case != 0  inv = 10 case = 2 factor = 1, min = 3 4: set inc dec cobination: 6: inc should stay on 10 ",
                          "timedOut": false,
                          "duration": 0,
                          "state": "passed",
                          "speed": "fast",
                          "pass": true,
                          "fail": false,
                          "pending": false,
                          "context": null,
                          "code": "chai_1.expect(calc.getIncrementValue()).that.is.eql({ 'curr': result, 'total': result * calc.getFactor() });",
                          "err": {},
                          "uuid": "c8d7d986-8b5b-42a8-889f-2ffbae1726c4",
                          "parentUUID": "dbcfb41c-7448-48dd-9424-920d7584d347",
                          "isHook": false,
                          "skipped": false
                        },
                        {
                          "title": "7: set to -1 needs to set to 0 ",
                          "fullTitle": "Quantity Calculator Test 1: Inv= fix, Case = fix, Min = fix CASE 2: min%case != 0  inv = 10 case = 2 factor = 1, min = 3 4: set inc dec cobination: 7: set to -1 needs to set to 0 ",
                          "timedOut": false,
                          "duration": 0,
                          "state": "passed",
                          "speed": "fast",
                          "pass": true,
                          "fail": false,
                          "pending": false,
                          "context": null,
                          "code": "chai_1.expect(calc.setVal(input)).that.is.eql({ 'curr': result, 'total': result * calc.getFactor() });",
                          "err": {},
                          "uuid": "93c1bf50-2d09-428e-a79a-620d3b32d8f4",
                          "parentUUID": "dbcfb41c-7448-48dd-9424-920d7584d347",
                          "isHook": false,
                          "skipped": false
                        },
                        {
                          "title": "8: inc should go to 4 ",
                          "fullTitle": "Quantity Calculator Test 1: Inv= fix, Case = fix, Min = fix CASE 2: min%case != 0  inv = 10 case = 2 factor = 1, min = 3 4: set inc dec cobination: 8: inc should go to 4 ",
                          "timedOut": false,
                          "duration": 0,
                          "state": "passed",
                          "speed": "fast",
                          "pass": true,
                          "fail": false,
                          "pending": false,
                          "context": null,
                          "code": "chai_1.expect(calc.getIncrementValue()).that.is.eql({ 'curr': result, 'total': result * calc.getFactor() });",
                          "err": {},
                          "uuid": "f22c89b1-7012-4860-9656-3dcc7f14c9f7",
                          "parentUUID": "dbcfb41c-7448-48dd-9424-920d7584d347",
                          "isHook": false,
                          "skipped": false
                        },
[...]
                          "err": {},
                          "uuid": "d2bef376-650b-40af-8907-98b68521483c",
                          "parentUUID": "182490b9-51c3-416c-b651-96933a25b9e2",
                          "isHook": false,
                          "skipped": false
                        },
                        {
                          "title": "2: dec should stay 0",
                          "fullTitle": "Quantity Calculator Test 4: Inv= fix, Case = DoNothing, Min = DoNothing CASE 3:  inv=7, case = 4, min = 5, factor = 1 1: combine set inc dec: 2: dec should stay 0",
                          "timedOut": false,
                          "duration": 0,
                          "state": "passed",
                          "speed": "fast",
                          "pass": true,
                          "fail": false,
                          "pending": false,
                          "context": null,
                          "code": "chai_1.expect(calc.getDecrementValue()).is.eql({ 'curr': result, 'total': result * calc.getFactor() });",
                          "err": {},
                          "uuid": "39f5b2b5-6929-4a11-b620-8b57d73903d9",
                          "parentUUID": "182490b9-51c3-416c-b651-96933a25b9e2",
                          "isHook": false,
                          "skipped": false
                        },
                        {
                          "title": "3: set to 1 should set 1",
                          "fullTitle": "Quantity Calculator Test 4: Inv= fix, Case = DoNothing, Min = DoNothing CASE 3:  inv=7, case = 4, min = 5, factor = 1 1: combine set inc dec: 3: set to 1 should set 1",
                          "timedOut": false,
                          "duration": 0,
                          "state": "passed",
                          "speed": "fast",
                          "pass": true,
                          "fail": false,
                          "pending": false,
                          "context": null,
                          "code": "chai_1.expect(calc.setVal(input)).that.is.eql({ 'curr': result, 'total': result * calc.getFactor() });",
                          "err": {},
                          "uuid": "53d69a9d-b4c2-49c7-bc7a-7b070cc864f8",
                          "parentUUID": "182490b9-51c3-416c-b651-96933a25b9e2",
                          "isHook": false,
                          "skipped": false
                        },
                        {
                          "title": "4: inc should stay on 1",
                          "fullTitle": "Quantity Calculator Test 4: Inv= fix, Case = DoNothing, Min = DoNothing CASE 3:  inv=7, case = 4, min = 5, factor = 1 1: combine set inc dec: 4: inc should stay on 1",
                          "timedOut": false,
                          "duration": 0,
                          "state": "passed",
                          "speed": "fast",
                          "pass": true,
                          "fail": false,
                          "pending": false,
                          "context": null,
                          "code": "chai_1.expect(calc.getIncrementValue()).that.is.eql({ 'curr': result, 'total': result * calc.getFactor() });",
                          "err": {},
                          "uuid": "216f21cd-7291-494d-8a01-6715065b41f0",
                          "parentUUID": "182490b9-51c3-416c-b651-96933a25b9e2",
                          "isHook": false,
                          "skipped": false
                        },
                        {
                          "title": "5: set to 7 should set 7",
                          "fullTitle": "Quantity Calculator Test 4: Inv= fix, Case = DoNothing, Min = DoNothing CASE 3:  inv=7, case = 4, min = 5, factor = 1 1: combine set inc dec: 5: set to 7 should set 7",
                          "timedOut": false,
                          "duration": 0,
                          "state": "passed",
                          "speed": "fast",
                          "pass": true,
                          "fail": false,
                          "pending": false,
                          "context": null,
                          "code": "chai_1.expect(calc.setVal(input)).that.is.eql({ 'curr': result, 'total': result * calc.getFactor() });",
                          "err": {},
                          "uuid": "78c276ca-8ca4-4f3e-8599-2ec726c136f0",
                          "parentUUID": "182490b9-51c3-416c-b651-96933a25b9e2",
                          "isHook": false,
                          "skipped": false
                        },
                        {
                          "title": "6: dec should go to 0",
                          "fullTitle": "Quantity Calculator Test 4: Inv= fix, Case = DoNothing, Min = DoNothing CASE 3:  inv=7, case = 4, min = 5, factor = 1 1: combine set inc dec: 6: dec should go to 0",
                          "timedOut": false,
                          "duration": 0,
                          "state": "passed",
                          "speed": "fast",
                          "pass": true,
                          "fail": false,
                          "pending": false,
                          "context": null,
                          "code": "chai_1.expect(calc.getDecrementValue()).is.eql({ 'curr': result, 'total': result * calc.getFactor() });",
                          "err": {},
                          "uuid": "c6f5e501-3649-4133-9949-8c72c44bd76b",
                          "parentUUID": "182490b9-51c3-416c-b651-96933a25b9e2",
                          "isHook": false,
                          "skipped": false
                        }
                      ],
                      "suites": [],
                      "passes": [
                        "d2bef376-650b-40af-8907-98b68521483c",
                        "39f5b2b5-6929-4a11-b620-8b57d73903d9",
                        "53d69a9d-b4c2-49c7-bc7a-7b070cc864f8",
                        "216f21cd-7291-494d-8a01-6715065b41f0",
                        "78c276ca-8ca4-4f3e-8599-2ec726c136f0",
                        "c6f5e501-3649-4133-9949-8c72c44bd76b"
                      ],
                      "failures": [],
                      "pending": [],
                      "skipped": [],
                      "duration": 0,
                      "root": false,
                      "rootEmpty": false,
                      "_timeout": 2000
                    }
                  ],
                  "passes": [],
                  "failures": [],
                  "pending": [],
                  "skipped": [],
                  "duration": 0,
                  "root": false,
                  "rootEmpty": false,
                  "_timeout": 2000
                }
              ],
              "passes": [],
              "failures": [],
              "pending": [],
              "skipped": [],
              "duration": 0,
              "root": false,
              "rootEmpty": false,
              "_timeout": 2000
            },
            {
              "uuid": "08dc79c4-151f-4147-ab28-8feb1cea2321",
              "title": "Test 5: factor = 0 all fix",
              "fullFile": "C:\\uom_editor\\uom\\cpi-side\\quanitity-calculator.spec.ts",
              "file": "\\quanitity-calculator.spec.ts",
              "beforeHooks": [],
              "afterHooks": [],
              "tests": [],
              "suites": [
                {
                  "uuid": "365957b0-bc77-41e1-ae4a-5aebc6ec944e",
                  "title": "CASE 1: factor = 0 inv = 8 case = 2 min = 3",
                  "fullFile": "C:\\uom_editor\\uom\\cpi-side\\quanitity-calculator.spec.ts",
                  "file": "\\quanitity-calculator.spec.ts",
                  "beforeHooks": [],
                  "afterHooks": [],
                  "tests": [],
                  "suites": [
                    {
                      "uuid": "eecd6007-2b19-4ca2-ba98-b57c070a3e4e",
                      "title": "1: inc tests:",
                      "fullFile": "C:\\uom_editor\\uom\\cpi-side\\quanitity-calculator.spec.ts",
                      "file": "\\quanitity-calculator.spec.ts",
                      "beforeHooks": [],
                      "afterHooks": [],
                      "tests": [
                        {
                          "title": "1: inc should go up from 0 to 4",
                          "fullTitle": "Quantity Calculator Test 5: factor = 0 all fix CASE 1: factor = 0 inv = 8 case = 2 min = 3 1: inc tests: 1: inc should go up from 0 to 4",
                          "timedOut": false,
                          "duration": 0,
                          "state": "passed",
                          "speed": "fast",
                          "pass": true,
                          "fail": false,
                          "pending": false,
                          "context": null,
                          "code": "chai_1.expect(calc.getIncrementValue()).that.is.eql({ 'curr': result, 'total': result * calc.getFactor() });",
                          "err": {},
                          "uuid": "40a058dd-3168-4579-975f-ed32b4bb953a",
                          "parentUUID": "eecd6007-2b19-4ca2-ba98-b57c070a3e4e",
                          "isHook": false,
                          "skipped": false
                        },
                        {
                          "title": "2: inc should go up from 4 to 6",
                          "fullTitle": "Quantity Calculator Test 5: factor = 0 all fix CASE 1: factor = 0 inv = 8 case = 2 min = 3 1: inc tests: 2: inc should go up from 4 to 6",
                          "timedOut": false,
                          "duration": 0,
                          "state": "passed",
                          "speed": "fast",
                          "pass": true,
                          "fail": false,
                          "pending": false,
                          "context": null,
                          "code": "chai_1.expect(calc.getIncrementValue()).that.is.eql({ 'curr': result, 'total': result * calc.getFactor() });",
                          "err": {},
                          "uuid": "986525b1-8296-46d3-b8a4-a650b7c450a4",
                          "parentUUID": "eecd6007-2b19-4ca2-ba98-b57c070a3e4e",
                          "isHook": false,
                          "skipped": false
                        },
                        {
                          "title": "3: inc should go up from 6 to 8",
                          "fullTitle": "Quantity Calculator Test 5: factor = 0 all fix CASE 1: factor = 0 inv = 8 case = 2 min = 3 1: inc tests: 3: inc should go up from 6 to 8",
                          "timedOut": false,
                          "duration": 0,
                          "state": "passed",
                          "speed": "fast",
                          "pass": true,
                          "fail": false,
                          "pending": false,
                          "context": null,
                          "code": "chai_1.expect(calc.getIncrementValue()).that.is.eql({ 'curr': result, 'total': result * calc.getFactor() });",
                          "err": {},
                          "uuid": "12b71c26-3803-4a41-8127-4bc6c9d7f8bb",
                          "parentUUID": "eecd6007-2b19-4ca2-ba98-b57c070a3e4e",
                          "isHook": false,
                          "skipped": false
                        },
                        {
                          "title": "4: inc should stay 8",
                          "fullTitle": "Quantity Calculator Test 5: factor = 0 all fix CASE 1: factor = 0 inv = 8 case = 2 min = 3 1: inc tests: 4: inc should stay 8",
                          "timedOut": false,
                          "duration": 0,
                          "state": "passed",
                          "speed": "fast",
                          "pass": true,
                          "fail": false,
                          "pending": false,
                          "context": null,
                          "code": "chai_1.expect(calc.getIncrementValue()).that.is.eql({ 'curr': result, 'total': result * calc.getFactor() });",
                          "err": {},
                          "uuid": "8f7f94fe-8057-48de-9e94-b6944486a5b3",
                          "parentUUID": "eecd6007-2b19-4ca2-ba98-b57c070a3e4e",
                          "isHook": false,
                          "skipped": false
                        }
                      ],
                      "suites": [],
                      "passes": [
                        "40a058dd-3168-4579-975f-ed32b4bb953a",
                        "986525b1-8296-46d3-b8a4-a650b7c450a4",
                        "12b71c26-3803-4a41-8127-4bc6c9d7f8bb",
                        "8f7f94fe-8057-48de-9e94-b6944486a5b3"
                      ],
                      "failures": [],
                      "pending": [],
                      "skipped": [],
                      "duration": 0,
                      "root": false,
                      "rootEmpty": false,
                      "_timeout": 2000
                    },
                    {
                      "uuid": "03cc7c4b-f8fc-491d-a414-f2187781ca2f",
                      "title": "2: dec tests:",
                      "fullFile": "C:\\uom_editor\\uom\\cpi-side\\quanitity-calculator.spec.ts",
                      "file": "\\quanitity-calculator.spec.ts",
                      "beforeHooks": [],
                      "afterHooks": [],
                      "tests": [
                        {
                          "title": "1: dec should go down from 8 to 6",
                          "fullTitle": "Quantity Calculator Test 5: factor = 0 all fix CASE 1: factor = 0 inv = 8 case = 2 min = 3 2: dec tests: 1: dec should go down from 8 to 6",
                          "timedOut": false,
                          "duration": 0,
                          "state": "passed",
                          "speed": "fast",
                          "pass": true,
                          "fail": false,
                          "pending": false,
                          "context": null,
                          "code": "chai_1.expect(calc.getDecrementValue()).is.eql({ 'curr': result, 'total': result * calc.getFactor() });",
                          "err": {},
                          "uuid": "fd7bd3e1-7230-4e3b-bef8-cca7052dd5ec",
                          "parentUUID": "03cc7c4b-f8fc-491d-a414-f2187781ca2f",
                          "isHook": false,
                          "skipped": false
                        },
                        {
                          "title": "2: dec should go down from 6 to 4",
                          "fullTitle": "Quantity Calculator Test 5: factor = 0 all fix CASE 1: factor = 0 inv = 8 case = 2 min = 3 2: dec tests: 2: dec should go down from 6 to 4",
                          "timedOut": false,
                          "duration": 0,
                          "state": "passed",
                          "speed": "fast",
                          "pass": true,
                          "fail": false,
                          "pending": false,
                          "context": null,
                          "code": "chai_1.expect(calc.getDecrementValue()).is.eql({ 'curr': result, 'total': result * calc.getFactor() });",
                          "err": {},
                          "uuid": "69cbe302-98a9-4545-98e2-8f3bace0905b",
                          "parentUUID": "03cc7c4b-f8fc-491d-a414-f2187781ca2f",
                          "isHook": false,
                          "skipped": false
                        },
                        {
                          "title": "3: dec should go down from 4 to 0",
                          "fullTitle": "Quantity Calculator Test 5: factor = 0 all fix CASE 1: factor = 0 inv = 8 case = 2 min = 3 2: dec tests: 3: dec should go down from 4 to 0",
                          "timedOut": false,
                          "duration": 0,
                          "state": "passed",
                          "speed": "fast",
                          "pass": true,
                          "fail": false,
                          "pending": false,
                          "context": null,
                          "code": "chai_1.expect(calc.getDecrementValue()).is.eql({ 'curr': result, 'total': result * calc.getFactor() });",
                          "err": {},
                          "uuid": "beee1d88-84cc-403e-b931-fac9078ae6c1",
                          "parentUUID": "03cc7c4b-f8fc-491d-a414-f2187781ca2f",
                          "isHook": false,
                          "skipped": false
                        },
                        {
                          "title": "4: inc should stay 0",
                          "fullTitle": "Quantity Calculator Test 5: factor = 0 all fix CASE 1: factor = 0 inv = 8 case = 2 min = 3 2: dec tests: 4: inc should stay 0",
                          "timedOut": false,
                          "duration": 0,
                          "state": "passed",
                          "speed": "fast",
                          "pass": true,
                          "fail": false,
                          "pending": false,
                          "context": null,
                          "code": "chai_1.expect(calc.getDecrementValue()).is.eql({ 'curr': result, 'total': result * calc.getFactor() });",
                          "err": {},
                          "uuid": "5a29a0cc-df6d-453f-a04a-cf379bd7dc40",
                          "parentUUID": "03cc7c4b-f8fc-491d-a414-f2187781ca2f",
                          "isHook": false,
                          "skipped": false
                        }
                      ],
                      "suites": [],
                      "passes": [
                        "fd7bd3e1-7230-4e3b-bef8-cca7052dd5ec",
                        "69cbe302-98a9-4545-98e2-8f3bace0905b",
                        "beee1d88-84cc-403e-b931-fac9078ae6c1",
                        "5a29a0cc-df6d-453f-a04a-cf379bd7dc40"
                      ],
                      "failures": [],
                      "pending": [],
                      "skipped": [],
                      "duration": 0,
                      "root": false,
                      "rootEmpty": false,
                      "_timeout": 2000
                    }
                  ],
                  "passes": [],
                  "failures": [],
                  "pending": [],
                  "skipped": [],
                  "duration": 0,
                  "root": false,
                  "rootEmpty": false,
                  "_timeout": 2000
                }
              ],
              "passes": [],
              "failures": [],
              "pending": [],
              "skipped": [],
              "duration": 0,
              "root": false,
              "rootEmpty": false,
              "_timeout": 2000
            }
          ],
          "passes": [],
          "failures": [],
          "pending": [],
          "skipped": [],
          "duration": 0,
          "root": false,
          "rootEmpty": false,
          "_timeout": 2000
        }
      ],
      "passes": [],
      "failures": [],
      "pending": [],
      "skipped": [],
      "duration": 0,
      "root": true,
      "rootEmpty": true,
      "_timeout": 2000
    }
  ],
  "meta": {
    "mocha": {
      "version": "9.0.3"
    },
    "mochawesome": {
      "options": {
        "quiet": false,
        "reportFilename": "mochawesome",
        "saveHtml": true,
        "saveJson": true,
        "consoleReporter": "spec",
        "useInlineDiffs": false,
        "code": true
      },
      "version": "6.2.2"
    },
    "marge": {
      "options": null,
      "version": "5.2.0"
    }
  }
}